

================================================================
== Synthesis Summary Report of 'fir'
================================================================
+ General Information: 
    * Date:           Thu Feb 13 20:31:12 2025
    * Version:        2024.2 (Build 5238294 on Nov  8 2024)
    * Project:        fir3
    * Solution:       hls (Vitis Kernel Flow Target)
    * Product family: zynquplusRFSOC
    * Target device:  xczu48dr-ffvg1517-2-e
    

+ Performance & Resource Estimates: 
    
    PS: '+' for module; 'o' for loop; '*' for dataflow
    +----------------+------+------+---------+---------+----------+---------+------+----------+------+----+-----------+------------+-----+
    |     Modules    | Issue|      | Latency | Latency | Iteration|         | Trip |          |      |    |           |            |     |
    |     & Loops    | Type | Slack| (cycles)|   (ns)  |  Latency | Interval| Count| Pipelined| BRAM | DSP|     FF    |     LUT    | URAM|
    +----------------+------+------+---------+---------+----------+---------+------+----------+------+----+-----------+------------+-----+
    |+ fir           |    II|  0.09|      106|  530.000|         -|      100|     -|    rewind|     -|   -|  506 (~0%)|  3494 (~0%)|    -|
    | o sample_loop  |     -|  3.65|      104|  520.000|         6|        1|   100|       yes|     -|   -|          -|           -|    -|
    +----------------+------+------+---------+---------+----------+---------+------+----------+------+----+-----------+------------+-----+


================================================================
== HW Interfaces
================================================================
* S_AXILITE Interfaces
+---------------+------------+---------------+
| Interface     | Data Width | Address Width |
+---------------+------------+---------------+
| s_axi_control | 32         | 4             |
+---------------+------------+---------------+

* S_AXILITE Registers
+---------------+----------+--------+-------+--------+----------------------------------+------------------------------------------------------------------------------------+
| Interface     | Register | Offset | Width | Access | Description                      | Bit Fields                                                                         |
+---------------+----------+--------+-------+--------+----------------------------------+------------------------------------------------------------------------------------+
| s_axi_control | CTRL     | 0x00   | 32    | RW     | Control signals                  | 0=AP_START 1=AP_DONE 2=AP_IDLE 3=AP_READY 4=AP_CONTINUE 7=AUTO_RESTART 9=INTERRUPT |
| s_axi_control | GIER     | 0x04   | 32    | RW     | Global Interrupt Enable Register | 0=Enable                                                                           |
| s_axi_control | IP_IER   | 0x08   | 32    | RW     | IP Interrupt Enable Register     | 0=CHAN0_INT_EN 1=CHAN1_INT_EN                                                      |
| s_axi_control | IP_ISR   | 0x0c   | 32    | RW     | IP Interrupt Status Register     | 0=CHAN0_INT_ST 1=CHAN1_INT_ST                                                      |
+---------------+----------+--------+-------+--------+----------------------------------+------------------------------------------------------------------------------------+

* AXIS
+-----------+-----------+---------------+-------+--------+--------+
| Interface | Direction | Register Mode | TDATA | TREADY | TVALID |
+-----------+-----------+---------------+-------+--------+--------+
| in_r      | in        | both          | 24    | 1      | 1      |
| out_r     | out       | both          | 24    | 1      | 1      |
+-----------+-----------+---------------+-------+--------+--------+

* TOP LEVEL CONTROL
+-----------+---------------+-----------+
| Interface | Type          | Ports     |
+-----------+---------------+-----------+
| ap_clk    | clock         | ap_clk    |
| ap_rst_n  | reset         | ap_rst_n  |
| interrupt | interrupt     | interrupt |
| ap_ctrl   | ap_ctrl_chain |           |
+-----------+---------------+-----------+


================================================================
== SW I/O Information
================================================================
* Top Function Arguments
+----------+-----------+--------------------------------------+
| Argument | Direction | Datatype                             |
+----------+-----------+--------------------------------------+
| in       | in        | ap_fixed<17, 2, AP_TRN, AP_WRAP, 0>* |
| out      | out       | ap_fixed<19, 3, AP_TRN, AP_WRAP, 0>* |
+----------+-----------+--------------------------------------+

* SW-to-HW Mapping
+----------+--------------+-----------+
| Argument | HW Interface | HW Type   |
+----------+--------------+-----------+
| in       | in_r         | interface |
| out      | out_r        | interface |
+----------+--------------+-----------+


================================================================
== Bind Op Report
================================================================
+--------------------------+-----+--------+------------+-------+--------+---------+
| Name                     | DSP | Pragma | Variable   | Op    | Impl   | Latency |
+--------------------------+-----+--------+------------+-------+--------+---------+
| + fir                    | 0   |        |            |       |        |         |
|   mul_17s_15s_32_2_1_U1  |     | yes    | mul_ln25   | mul   | fabric | 0       |
|   add_ln25_fu_307_p2     |     |        | add_ln25   | add   | fabric | 0       |
|   mul_17s_15ns_32_2_1_U2 |     | yes    | mul_ln25_1 | mul   | fabric | 0       |
|   add_ln25_1_fu_389_p2   |     |        | add_ln25_1 | add   | fabric | 0       |
|   mul_17s_14s_31_2_1_U3  |     | yes    | mul_ln25_2 | mul   | fabric | 0       |
|   add_ln25_2_fu_417_p2   |     |        | add_ln25_2 | add   | fabric | 0       |
|   mul_17s_12ns_29_2_1_U4 |     | yes    | mul_ln25_3 | mul   | fabric | 0       |
|   add_ln25_3_fu_496_p2   |     |        | add_ln25_3 | add   | fabric | 0       |
|   mul_17s_15ns_32_2_1_U5 |     | yes    | mul_ln25_4 | mul   | fabric | 0       |
|   add_ln25_4_fu_523_p2   |     |        | add_ln25_4 | add   | fabric | 0       |
|   mul_17s_15s_32_2_1_U6  |     | yes    | mul_ln25_5 | mul   | fabric | 0       |
|   add_ln25_5_fu_551_p2   |     |        | add_ln25_5 | add   | fabric | 0       |
|   mul_17s_14ns_31_2_1_U7 |     | yes    | mul_ln25_6 | mul   | fabric | 0       |
|   add_ln25_6_fu_577_p2   |     |        | add_ln25_6 | add   | fabric | 0       |
|   mul_17s_13ns_30_2_1_U8 |     | yes    | mul_ln25_7 | mul   | fabric | 0       |
|   add_ln25_7_fu_604_p2   |     |        | add_ln25_7 | add   | fabric | 0       |
|   mul_17s_13s_30_2_1_U9  |     | yes    | mul_ln25_8 | mul   | fabric | 0       |
|   add_ln25_8_fu_631_p2   |     |        | add_ln25_8 | add   | fabric | 0       |
|   n_fu_255_p2            |     |        | n          | add   | fabric | 0       |
|   icmp_ln12_fu_261_p2    |     |        | icmp_ln12  | seteq | auto   | 0       |
+--------------------------+-----+--------+------------+-------+--------+---------+


================================================================
== Storage Report
================================================================
+-------------------+-----------+-----------+------+------+--------+----------+------+---------+------------------+
| Name              | Usage     | Type      | BRAM | URAM | Pragma | Variable | Impl | Latency | Bitwidth, Depth, |
|                   |           |           |      |      |        |          |      |         | Banks            |
+-------------------+-----------+-----------+------+------+--------+----------+------+---------+------------------+
| + fir             |           |           | 0    | 0    |        |          |      |         |                  |
|   control_s_axi_U | interface | s_axilite |      |      |        |          |      |         |                  |
+-------------------+-----------+-----------+------+------+--------+----------+------+---------+------------------+


================================================================
== Pragma Report
================================================================
* Valid Pragma Syntax
+-----------------+-----------------------------------------+------------------------+
| Type            | Options                                 | Location               |
+-----------------+-----------------------------------------+------------------------+
| interface       | axis port=in                            | fir.cpp:6 in fir, in   |
| interface       | axis port=out                           | fir.cpp:7 in fir, out  |
| array_partition | variable=reg type=complete              | fir.cpp:10 in fir, reg |
| bind_op         | variable=y op=mul impl=fabric latency=1 | fir.cpp:24 in fir, y   |
+-----------------+-----------------------------------------+------------------------+


