

================================================================
== Vitis HLS Report for 'fir'
================================================================
* Date:           Thu Feb 13 20:17:59 2025

* Version:        2024.2 (Build 5238294 on Nov  8 2024)
* Project:        fir2
* Solution:       hls (Vitis Kernel Flow Target)
* Product family: zynquplusRFSOC
* Target device:  xczu48dr-ffvg1517-2-e


================================================================
== Performance Estimates
================================================================
+ Timing: 
    * Summary: 
    +--------+---------+----------+------------+
    |  Clock |  Target | Estimated| Uncertainty|
    +--------+---------+----------+------------+
    |ap_clk  |  5.00 ns|  1.627 ns|     1.35 ns|
    +--------+---------+----------+------------+

+ Latency: 
    * Summary: 
    +---------+---------+----------+----------+-----+-----+------------------------------------------------+
    |  Latency (cycles) |  Latency (absolute) |  Interval |                    Pipeline                    |
    |   min   |   max   |    min   |    max   | min | max |                      Type                      |
    +---------+---------+----------+----------+-----+-----+------------------------------------------------+
    |      113|      113|  0.565 us|  0.565 us|  107|  107|  loop auto-rewind stp (delay=7 clock cycles(s))|
    +---------+---------+----------+----------+-----+-----+------------------------------------------------+

    + Detail: 
        * Instance: 
        N/A

        * Loop: 
        +---------------+---------+---------+----------+-----------+-----------+------+----------+
        |               |  Latency (cycles) | Iteration|  Initiation Interval  | Trip |          |
        |   Loop Name   |   min   |   max   |  Latency |  achieved |   target  | Count| Pipelined|
        +---------------+---------+---------+----------+-----------+-----------+------+----------+
        |- sample_loop  |      111|      111|        13|          1|          1|   100|       yes|
        +---------------+---------+---------+----------+-----------+-----------+------+----------+

============================================================
+ Verbose Summary: Synthesis Manager
============================================================
InlineROM: 1
ExposeGlobal: 0
============================================================
+ Verbose Summary: CDFG Model
============================================================
IsTopModel: 1
ResetActiveHigh: 1
IsCombinational: 2
IsDatapathOnly: 0
HasWiredReturn: 1
HasMFsm: 2
HasVarLatency: 1
IsPipeline: 0
IsRtlPipelined: 0
IsInstanceOverlapped: 0
IsDontTouch: 0
HasImplIP: 0
IsGatedGlobalClock: 0

+ Individual pipeline summary: 
  * Pipeline-0: initiation interval (II) = 1, depth = 13


============================================================
+ Verbose Summary: Schedule
============================================================
* Number of FSM states : 13
* Pipeline : 1
  Pipeline-0 : II = 1, D = 13, States = { 1 2 3 4 5 6 7 8 9 10 11 12 13 }
* Dataflow Pipeline: 0

* FSM state transitions: 
1 --> 2 
2 --> 3 
3 --> 4 
4 --> 5 
5 --> 6 
6 --> 7 
7 --> 8 
8 --> 9 
9 --> 10 
10 --> 11 
11 --> 12 
12 --> 13 
13 --> 

* FSM state operations: 

State 1 <SV = 0> <Delay = 1.62>
ST_1 : Operation 16 [1/1] (0.00ns)   --->   "%reg_81 = alloca i32 1"   --->   Operation 16 'alloca' 'reg_81' <Predicate = true> <Delay = 0.00>
ST_1 : Operation 17 [1/1] (0.00ns)   --->   "%n10 = alloca i32 1"   --->   Operation 17 'alloca' 'n10' <Predicate = true> <Delay = 0.00>
ST_1 : Operation 18 [1/1] (0.00ns)   --->   "%reg = alloca i32 1" [fir.cpp:9]   --->   Operation 18 'alloca' 'reg' <Predicate = true> <Delay = 0.00>
ST_1 : Operation 19 [1/1] (0.00ns)   --->   "%reg_1 = alloca i32 1" [fir.cpp:9]   --->   Operation 19 'alloca' 'reg_1' <Predicate = true> <Delay = 0.00>
ST_1 : Operation 20 [1/1] (0.00ns)   --->   "%reg_2 = alloca i32 1" [fir.cpp:9]   --->   Operation 20 'alloca' 'reg_2' <Predicate = true> <Delay = 0.00>
ST_1 : Operation 21 [1/1] (0.00ns)   --->   "%reg_3 = alloca i32 1" [fir.cpp:9]   --->   Operation 21 'alloca' 'reg_3' <Predicate = true> <Delay = 0.00>
ST_1 : Operation 22 [1/1] (0.00ns)   --->   "%reg_4 = alloca i32 1" [fir.cpp:9]   --->   Operation 22 'alloca' 'reg_4' <Predicate = true> <Delay = 0.00>
ST_1 : Operation 23 [1/1] (0.00ns)   --->   "%reg_5 = alloca i32 1" [fir.cpp:9]   --->   Operation 23 'alloca' 'reg_5' <Predicate = true> <Delay = 0.00>
ST_1 : Operation 24 [1/1] (0.00ns)   --->   "%reg_6 = alloca i32 1" [fir.cpp:9]   --->   Operation 24 'alloca' 'reg_6' <Predicate = true> <Delay = 0.00>
ST_1 : Operation 25 [1/1] (0.00ns)   --->   "%reg_7 = alloca i32 1" [fir.cpp:9]   --->   Operation 25 'alloca' 'reg_7' <Predicate = true> <Delay = 0.00>
ST_1 : Operation 26 [1/1] (0.00ns)   --->   "%spectopmodule_ln5 = spectopmodule void @_ssdm_op_SpecTopModule, void @empty_4" [fir.cpp:5]   --->   Operation 26 'spectopmodule' 'spectopmodule_ln5' <Predicate = true> <Delay = 0.00>
ST_1 : Operation 27 [1/1] (0.00ns)   --->   "%specinterface_ln5 = specinterface void @_ssdm_op_SpecInterface, i32 0, void @empty_5, i32 0, i32 0, void @empty, i32 0, i32 0, void @empty, void @empty, void @empty, i32 0, i32 0, i32 0, i32 0, void @empty, void @empty, i32 4294967295, i32 0, i32 0" [fir.cpp:5]   --->   Operation 27 'specinterface' 'specinterface_ln5' <Predicate = true> <Delay = 0.00>
ST_1 : Operation 28 [1/1] (0.00ns)   --->   "%specinterface_ln0 = specinterface void @_ssdm_op_SpecInterface, i24 %in_r, void @empty_0, i32 1, i32 1, void @empty_1, i32 0, i32 0, void @empty, void @empty, void @empty, i32 0, i32 0, i32 0, i32 0, void @empty, void @empty, i32 4294967295, i32 0, i32 0"   --->   Operation 28 'specinterface' 'specinterface_ln0' <Predicate = true> <Delay = 0.00>
ST_1 : Operation 29 [1/1] (0.00ns)   --->   "%specbitsmap_ln0 = specbitsmap void @_ssdm_op_SpecBitsMap, i24 %in_r"   --->   Operation 29 'specbitsmap' 'specbitsmap_ln0' <Predicate = true> <Delay = 0.00>
ST_1 : Operation 30 [1/1] (0.00ns)   --->   "%specinterface_ln0 = specinterface void @_ssdm_op_SpecInterface, i24 %out_r, void @empty_0, i32 1, i32 1, void @empty_1, i32 0, i32 0, void @empty, void @empty, void @empty, i32 0, i32 0, i32 0, i32 0, void @empty, void @empty, i32 4294967295, i32 0, i32 0"   --->   Operation 30 'specinterface' 'specinterface_ln0' <Predicate = true> <Delay = 0.00>
ST_1 : Operation 31 [1/1] (0.00ns)   --->   "%specbitsmap_ln0 = specbitsmap void @_ssdm_op_SpecBitsMap, i24 %out_r"   --->   Operation 31 'specbitsmap' 'specbitsmap_ln0' <Predicate = true> <Delay = 0.00>
ST_1 : Operation 32 [1/1] (0.00ns)   --->   "%specinterface_ln0 = specinterface void @_ssdm_op_SpecInterface, i32 0, void @empty_2, i32 0, i32 0, void @empty, i32 0, i32 0, void @empty_3, void @empty, void @empty, i32 0, i32 0, i32 0, i32 0, void @empty, void @empty, i32 4294967295, i32 0, i32 0"   --->   Operation 32 'specinterface' 'specinterface_ln0' <Predicate = true> <Delay = 0.00>
ST_1 : Operation 33 [1/1] (0.42ns)   --->   "%store_ln9 = store i17 0, i17 %reg_7" [fir.cpp:9]   --->   Operation 33 'store' 'store_ln9' <Predicate = true> <Delay = 0.42>
ST_1 : Operation 34 [1/1] (0.42ns)   --->   "%store_ln9 = store i17 0, i17 %reg_6" [fir.cpp:9]   --->   Operation 34 'store' 'store_ln9' <Predicate = true> <Delay = 0.42>
ST_1 : Operation 35 [1/1] (0.42ns)   --->   "%store_ln9 = store i17 0, i17 %reg_5" [fir.cpp:9]   --->   Operation 35 'store' 'store_ln9' <Predicate = true> <Delay = 0.42>
ST_1 : Operation 36 [1/1] (0.42ns)   --->   "%store_ln9 = store i17 0, i17 %reg_4" [fir.cpp:9]   --->   Operation 36 'store' 'store_ln9' <Predicate = true> <Delay = 0.42>
ST_1 : Operation 37 [1/1] (0.42ns)   --->   "%store_ln9 = store i17 0, i17 %reg_3" [fir.cpp:9]   --->   Operation 37 'store' 'store_ln9' <Predicate = true> <Delay = 0.42>
ST_1 : Operation 38 [1/1] (0.42ns)   --->   "%store_ln9 = store i17 0, i17 %reg_2" [fir.cpp:9]   --->   Operation 38 'store' 'store_ln9' <Predicate = true> <Delay = 0.42>
ST_1 : Operation 39 [1/1] (0.42ns)   --->   "%store_ln9 = store i17 0, i17 %reg_1" [fir.cpp:9]   --->   Operation 39 'store' 'store_ln9' <Predicate = true> <Delay = 0.42>
ST_1 : Operation 40 [1/1] (0.42ns)   --->   "%store_ln9 = store i17 0, i17 %reg" [fir.cpp:9]   --->   Operation 40 'store' 'store_ln9' <Predicate = true> <Delay = 0.42>
ST_1 : Operation 41 [1/1] (0.42ns)   --->   "%store_ln0 = store i7 0, i7 %n10"   --->   Operation 41 'store' 'store_ln0' <Predicate = true> <Delay = 0.42>
ST_1 : Operation 42 [1/1] (0.42ns)   --->   "%store_ln0 = store i17 0, i17 %reg_81"   --->   Operation 42 'store' 'store_ln0' <Predicate = true> <Delay = 0.42>
ST_1 : Operation 43 [1/1] (0.00ns)   --->   "%br_ln12 = br void %shift_loop.split" [fir.cpp:12]   --->   Operation 43 'br' 'br_ln12' <Predicate = true> <Delay = 0.00>
ST_1 : Operation 44 [1/1] (0.00ns)   --->   "%n10_load = load i7 %n10" [fir.cpp:12]   --->   Operation 44 'load' 'n10_load' <Predicate = true> <Delay = 0.00>
ST_1 : Operation 45 [1/1] (0.00ns)   --->   "%reg_10 = load i17 %reg_6" [fir.cpp:22]   --->   Operation 45 'load' 'reg_10' <Predicate = true> <Delay = 0.00>
ST_1 : Operation 46 [1/1] (0.00ns)   --->   "%reg_9 = load i17 %reg_7" [fir.cpp:22]   --->   Operation 46 'load' 'reg_9' <Predicate = true> <Delay = 0.00>
ST_1 : Operation 47 [1/1] (0.07ns)   --->   "%in_r_read = read i24 @_ssdm_op_Read.axis.volatile.i24P128A, i24 %in_r" [fir.cpp:18]   --->   Operation 47 'read' 'in_r_read' <Predicate = true> <Delay = 0.07> <CoreInst = "regslice">   --->   Core 147 'regslice' <Latency = 0> <II = 1> <Delay = 0.62> <Adapter> <Opcode : 'read' 'write'>
ST_1 : Operation 48 [1/1] (0.00ns)   --->   "%reg_17 = trunc i24 %in_r_read" [fir.cpp:18]   --->   Operation 48 'trunc' 'reg_17' <Predicate = true> <Delay = 0.00>
ST_1 : Operation 49 [1/1] (0.00ns)   --->   "%sext_ln22 = sext i17 %reg_9" [fir.cpp:22]   --->   Operation 49 'sext' 'sext_ln22' <Predicate = true> <Delay = 0.00>
ST_1 : Operation 50 [3/3] (0.99ns) (grouped into DSP with root node add_ln22)   --->   "%mul_ln22 = mul i32 %sext_ln22, i32 4294954188" [fir.cpp:22]   --->   Operation 50 'mul' 'mul_ln22' <Predicate = true> <Delay = 0.99> <CoreInst = "DSP48">   --->   Core 124 'DSP48' <Latency = 3> <II = 1> <Delay = 0.53> <IPBlock> <Opcode : '' 'add' 'sub' 'mul' 'select'> <InPorts = 0> <OutPorts = 1> <Sync> <CReg>
ST_1 : Operation 51 [1/1] (0.77ns)   --->   "%n = add i7 %n10_load, i7 1" [fir.cpp:12]   --->   Operation 51 'add' 'n' <Predicate = true> <Delay = 0.77> <CoreInst = "Adder">   --->   Core 1 'Adder' <Latency = 0> <II = 1> <Delay = 0.77> <FuncUnit> <Opcode : 'add' 'sub'> <InPorts = 2> <OutPorts = 1>
ST_1 : Operation 52 [1/1] (0.77ns)   --->   "%icmp_ln12 = icmp_eq  i7 %n10_load, i7 99" [fir.cpp:12]   --->   Operation 52 'icmp' 'icmp_ln12' <Predicate = true> <Delay = 0.77> <CoreInst = "Cmp">   --->   Core 9 'Cmp' <Latency = 0> <II = 1> <Delay = 0.77> <FuncUnit> <Opcode : 'seteq' 'setne' 'setle' 'setge' 'setlt' 'setgt'> <InPorts = 2> <OutPorts = 1>
ST_1 : Operation 53 [1/1] (0.42ns)   --->   "%store_ln9 = store i17 %reg_17, i17 %reg_7" [fir.cpp:9]   --->   Operation 53 'store' 'store_ln9' <Predicate = true> <Delay = 0.42>
ST_1 : Operation 54 [1/1] (0.42ns)   --->   "%store_ln9 = store i17 %reg_9, i17 %reg_6" [fir.cpp:9]   --->   Operation 54 'store' 'store_ln9' <Predicate = true> <Delay = 0.42>
ST_1 : Operation 55 [1/1] (0.42ns)   --->   "%store_ln12 = store i7 %n, i7 %n10" [fir.cpp:12]   --->   Operation 55 'store' 'store_ln12' <Predicate = true> <Delay = 0.42>
ST_1 : Operation 56 [1/1] (0.00ns)   --->   "%br_ln12 = br i1 %icmp_ln12, void %shift_loop.split, void %for.end25" [fir.cpp:12]   --->   Operation 56 'br' 'br_ln12' <Predicate = true> <Delay = 0.00>

State 2 <SV = 1> <Delay = 0.99>
ST_2 : Operation 57 [1/1] (0.00ns)   --->   "%reg_11 = load i17 %reg_5" [fir.cpp:22]   --->   Operation 57 'load' 'reg_11' <Predicate = true> <Delay = 0.00>
ST_2 : Operation 58 [2/3] (0.99ns) (grouped into DSP with root node add_ln22)   --->   "%mul_ln22 = mul i32 %sext_ln22, i32 4294954188" [fir.cpp:22]   --->   Operation 58 'mul' 'mul_ln22' <Predicate = true> <Delay = 0.99> <CoreInst = "DSP48">   --->   Core 124 'DSP48' <Latency = 3> <II = 1> <Delay = 0.53> <IPBlock> <Opcode : '' 'add' 'sub' 'mul' 'select'> <InPorts = 0> <OutPorts = 1> <Sync> <CReg>
ST_2 : Operation 59 [1/1] (0.00ns)   --->   "%sext_ln22_2 = sext i17 %reg_10" [fir.cpp:22]   --->   Operation 59 'sext' 'sext_ln22_2' <Predicate = true> <Delay = 0.00>
ST_2 : Operation 60 [3/3] (0.99ns) (grouped into DSP with root node add_ln22_1)   --->   "%mul_ln22_1 = mul i32 %sext_ln22_2, i32 9830" [fir.cpp:22]   --->   Operation 60 'mul' 'mul_ln22_1' <Predicate = true> <Delay = 0.99> <CoreInst = "DSP48">   --->   Core 124 'DSP48' <Latency = 3> <II = 1> <Delay = 0.53> <IPBlock> <Opcode : '' 'add' 'sub' 'mul' 'select'> <InPorts = 0> <OutPorts = 1> <Sync> <CReg>
ST_2 : Operation 61 [1/1] (0.42ns)   --->   "%store_ln9 = store i17 %reg_10, i17 %reg_5" [fir.cpp:9]   --->   Operation 61 'store' 'store_ln9' <Predicate = true> <Delay = 0.42>

State 3 <SV = 2> <Delay = 0.99>
ST_3 : Operation 62 [1/1] (0.00ns)   --->   "%reg_12 = load i17 %reg_4" [fir.cpp:22]   --->   Operation 62 'load' 'reg_12' <Predicate = true> <Delay = 0.00>
ST_3 : Operation 63 [1/3] (0.00ns) (grouped into DSP with root node add_ln22)   --->   "%mul_ln22 = mul i32 %sext_ln22, i32 4294954188" [fir.cpp:22]   --->   Operation 63 'mul' 'mul_ln22' <Predicate = true> <Delay = 0.00> <CoreInst = "DSP48">   --->   Core 124 'DSP48' <Latency = 3> <II = 1> <Delay = 0.53> <IPBlock> <Opcode : '' 'add' 'sub' 'mul' 'select'> <InPorts = 0> <OutPorts = 1> <Sync> <CReg>
ST_3 : Operation 64 [1/1] (0.00ns)   --->   "%shl_ln = bitconcatenate i31 @_ssdm_op_BitConcatenate.i31.i17.i14, i17 %reg_17, i14 0" [fir.cpp:22]   --->   Operation 64 'bitconcatenate' 'shl_ln' <Predicate = true> <Delay = 0.00>
ST_3 : Operation 65 [1/1] (0.00ns)   --->   "%sext_ln22_1 = sext i31 %shl_ln" [fir.cpp:22]   --->   Operation 65 'sext' 'sext_ln22_1' <Predicate = true> <Delay = 0.00>
ST_3 : Operation 66 [2/2] (0.64ns) (root node of the DSP)   --->   "%add_ln22 = add i32 %sext_ln22_1, i32 %mul_ln22" [fir.cpp:22]   --->   Operation 66 'add' 'add_ln22' <Predicate = true> <Delay = 0.64> <CoreInst = "DSP48">   --->   Core 124 'DSP48' <Latency = 3> <II = 1> <Delay = 0.53> <IPBlock> <Opcode : '' 'add' 'sub' 'mul' 'select'> <InPorts = 0> <OutPorts = 1> <Sync> <CReg>
ST_3 : Operation 67 [2/3] (0.99ns) (grouped into DSP with root node add_ln22_1)   --->   "%mul_ln22_1 = mul i32 %sext_ln22_2, i32 9830" [fir.cpp:22]   --->   Operation 67 'mul' 'mul_ln22_1' <Predicate = true> <Delay = 0.99> <CoreInst = "DSP48">   --->   Core 124 'DSP48' <Latency = 3> <II = 1> <Delay = 0.53> <IPBlock> <Opcode : '' 'add' 'sub' 'mul' 'select'> <InPorts = 0> <OutPorts = 1> <Sync> <CReg>
ST_3 : Operation 68 [1/1] (0.00ns)   --->   "%sext_ln22_5 = sext i17 %reg_11" [fir.cpp:22]   --->   Operation 68 'sext' 'sext_ln22_5' <Predicate = true> <Delay = 0.00>
ST_3 : Operation 69 [3/3] (0.99ns) (grouped into DSP with root node add_ln22_2)   --->   "%mul_ln22_2 = mul i31 %sext_ln22_5, i31 2147477094" [fir.cpp:22]   --->   Operation 69 'mul' 'mul_ln22_2' <Predicate = true> <Delay = 0.99> <CoreInst = "DSP48">   --->   Core 124 'DSP48' <Latency = 3> <II = 1> <Delay = 0.53> <IPBlock> <Opcode : '' 'add' 'sub' 'mul' 'select'> <InPorts = 0> <OutPorts = 1> <Sync> <CReg>
ST_3 : Operation 70 [1/1] (0.42ns)   --->   "%store_ln9 = store i17 %reg_11, i17 %reg_4" [fir.cpp:9]   --->   Operation 70 'store' 'store_ln9' <Predicate = true> <Delay = 0.42>

State 4 <SV = 3> <Delay = 1.29>
ST_4 : Operation 71 [1/1] (0.00ns)   --->   "%reg_13 = load i17 %reg_3" [fir.cpp:22]   --->   Operation 71 'load' 'reg_13' <Predicate = true> <Delay = 0.00>
ST_4 : Operation 72 [1/2] (0.64ns) (root node of the DSP)   --->   "%add_ln22 = add i32 %sext_ln22_1, i32 %mul_ln22" [fir.cpp:22]   --->   Operation 72 'add' 'add_ln22' <Predicate = true> <Delay = 0.64> <CoreInst = "DSP48">   --->   Core 124 'DSP48' <Latency = 3> <II = 1> <Delay = 0.53> <IPBlock> <Opcode : '' 'add' 'sub' 'mul' 'select'> <InPorts = 0> <OutPorts = 1> <Sync> <CReg>
ST_4 : Operation 73 [1/1] (0.00ns)   --->   "%trunc_ln = partselect i18 @_ssdm_op_PartSelect.i18.i32.i32.i32, i32 %add_ln22, i32 14, i32 31" [fir.cpp:22]   --->   Operation 73 'partselect' 'trunc_ln' <Predicate = true> <Delay = 0.00>
ST_4 : Operation 74 [1/3] (0.00ns) (grouped into DSP with root node add_ln22_1)   --->   "%mul_ln22_1 = mul i32 %sext_ln22_2, i32 9830" [fir.cpp:22]   --->   Operation 74 'mul' 'mul_ln22_1' <Predicate = true> <Delay = 0.00> <CoreInst = "DSP48">   --->   Core 124 'DSP48' <Latency = 3> <II = 1> <Delay = 0.53> <IPBlock> <Opcode : '' 'add' 'sub' 'mul' 'select'> <InPorts = 0> <OutPorts = 1> <Sync> <CReg>
ST_4 : Operation 75 [1/1] (0.00ns)   --->   "%tmp_1 = bitconcatenate i32 @_ssdm_op_BitConcatenate.i32.i18.i14, i18 %trunc_ln, i14 0" [fir.cpp:22]   --->   Operation 75 'bitconcatenate' 'tmp_1' <Predicate = true> <Delay = 0.00>
ST_4 : Operation 76 [1/1] (0.00ns)   --->   "%sext_ln22_3 = sext i32 %tmp_1" [fir.cpp:22]   --->   Operation 76 'sext' 'sext_ln22_3' <Predicate = true> <Delay = 0.00>
ST_4 : Operation 77 [1/1] (0.00ns) (grouped into DSP with root node add_ln22_1)   --->   "%sext_ln22_4 = sext i32 %mul_ln22_1" [fir.cpp:22]   --->   Operation 77 'sext' 'sext_ln22_4' <Predicate = true> <Delay = 0.00>
ST_4 : Operation 78 [2/2] (0.64ns) (root node of the DSP)   --->   "%add_ln22_1 = add i33 %sext_ln22_3, i33 %sext_ln22_4" [fir.cpp:22]   --->   Operation 78 'add' 'add_ln22_1' <Predicate = true> <Delay = 0.64> <CoreInst = "DSP48">   --->   Core 124 'DSP48' <Latency = 3> <II = 1> <Delay = 0.53> <IPBlock> <Opcode : '' 'add' 'sub' 'mul' 'select'> <InPorts = 0> <OutPorts = 1> <Sync> <CReg>
ST_4 : Operation 79 [2/3] (0.99ns) (grouped into DSP with root node add_ln22_2)   --->   "%mul_ln22_2 = mul i31 %sext_ln22_5, i31 2147477094" [fir.cpp:22]   --->   Operation 79 'mul' 'mul_ln22_2' <Predicate = true> <Delay = 0.99> <CoreInst = "DSP48">   --->   Core 124 'DSP48' <Latency = 3> <II = 1> <Delay = 0.53> <IPBlock> <Opcode : '' 'add' 'sub' 'mul' 'select'> <InPorts = 0> <OutPorts = 1> <Sync> <CReg>
ST_4 : Operation 80 [1/1] (0.00ns)   --->   "%sext_ln22_7 = sext i17 %reg_12" [fir.cpp:22]   --->   Operation 80 'sext' 'sext_ln22_7' <Predicate = true> <Delay = 0.00>
ST_4 : Operation 81 [3/3] (0.99ns) (grouped into DSP with root node add_ln22_3)   --->   "%mul_ln22_3 = mul i29 %sext_ln22_7, i29 1638" [fir.cpp:22]   --->   Operation 81 'mul' 'mul_ln22_3' <Predicate = true> <Delay = 0.99> <CoreInst = "DSP48">   --->   Core 124 'DSP48' <Latency = 3> <II = 1> <Delay = 0.53> <IPBlock> <Opcode : '' 'add' 'sub' 'mul' 'select'> <InPorts = 0> <OutPorts = 1> <Sync> <CReg>
ST_4 : Operation 82 [1/1] (0.42ns)   --->   "%store_ln9 = store i17 %reg_12, i17 %reg_3" [fir.cpp:9]   --->   Operation 82 'store' 'store_ln9' <Predicate = true> <Delay = 0.42>

State 5 <SV = 4> <Delay = 1.29>
ST_5 : Operation 83 [1/1] (0.00ns)   --->   "%reg_14 = load i17 %reg_2" [fir.cpp:22]   --->   Operation 83 'load' 'reg_14' <Predicate = true> <Delay = 0.00>
ST_5 : Operation 84 [1/2] (0.64ns) (root node of the DSP)   --->   "%add_ln22_1 = add i33 %sext_ln22_3, i33 %sext_ln22_4" [fir.cpp:22]   --->   Operation 84 'add' 'add_ln22_1' <Predicate = true> <Delay = 0.64> <CoreInst = "DSP48">   --->   Core 124 'DSP48' <Latency = 3> <II = 1> <Delay = 0.53> <IPBlock> <Opcode : '' 'add' 'sub' 'mul' 'select'> <InPorts = 0> <OutPorts = 1> <Sync> <CReg>
ST_5 : Operation 85 [1/3] (0.00ns) (grouped into DSP with root node add_ln22_2)   --->   "%mul_ln22_2 = mul i31 %sext_ln22_5, i31 2147477094" [fir.cpp:22]   --->   Operation 85 'mul' 'mul_ln22_2' <Predicate = true> <Delay = 0.00> <CoreInst = "DSP48">   --->   Core 124 'DSP48' <Latency = 3> <II = 1> <Delay = 0.53> <IPBlock> <Opcode : '' 'add' 'sub' 'mul' 'select'> <InPorts = 0> <OutPorts = 1> <Sync> <CReg>
ST_5 : Operation 86 [1/1] (0.00ns)   --->   "%tmp_2 = partselect i19 @_ssdm_op_PartSelect.i19.i33.i32.i32, i33 %add_ln22_1, i32 14, i32 32" [fir.cpp:22]   --->   Operation 86 'partselect' 'tmp_2' <Predicate = true> <Delay = 0.00>
ST_5 : Operation 87 [1/1] (0.00ns)   --->   "%shl_ln22_2 = bitconcatenate i33 @_ssdm_op_BitConcatenate.i33.i19.i14, i19 %tmp_2, i14 0" [fir.cpp:22]   --->   Operation 87 'bitconcatenate' 'shl_ln22_2' <Predicate = true> <Delay = 0.00>
ST_5 : Operation 88 [1/1] (0.00ns) (grouped into DSP with root node add_ln22_2)   --->   "%sext_ln22_6 = sext i31 %mul_ln22_2" [fir.cpp:22]   --->   Operation 88 'sext' 'sext_ln22_6' <Predicate = true> <Delay = 0.00>
ST_5 : Operation 89 [2/2] (0.64ns) (root node of the DSP)   --->   "%add_ln22_2 = add i33 %shl_ln22_2, i33 %sext_ln22_6" [fir.cpp:22]   --->   Operation 89 'add' 'add_ln22_2' <Predicate = true> <Delay = 0.64> <CoreInst = "DSP48">   --->   Core 124 'DSP48' <Latency = 3> <II = 1> <Delay = 0.53> <IPBlock> <Opcode : '' 'add' 'sub' 'mul' 'select'> <InPorts = 0> <OutPorts = 1> <Sync> <CReg>
ST_5 : Operation 90 [2/3] (0.99ns) (grouped into DSP with root node add_ln22_3)   --->   "%mul_ln22_3 = mul i29 %sext_ln22_7, i29 1638" [fir.cpp:22]   --->   Operation 90 'mul' 'mul_ln22_3' <Predicate = true> <Delay = 0.99> <CoreInst = "DSP48">   --->   Core 124 'DSP48' <Latency = 3> <II = 1> <Delay = 0.53> <IPBlock> <Opcode : '' 'add' 'sub' 'mul' 'select'> <InPorts = 0> <OutPorts = 1> <Sync> <CReg>
ST_5 : Operation 91 [1/1] (0.00ns)   --->   "%sext_ln22_9 = sext i17 %reg_13" [fir.cpp:22]   --->   Operation 91 'sext' 'sext_ln22_9' <Predicate = true> <Delay = 0.00>
ST_5 : Operation 92 [3/3] (0.99ns) (grouped into DSP with root node add_ln22_4)   --->   "%mul_ln22_4 = mul i32 %sext_ln22_9, i32 9830" [fir.cpp:22]   --->   Operation 92 'mul' 'mul_ln22_4' <Predicate = true> <Delay = 0.99> <CoreInst = "DSP48">   --->   Core 124 'DSP48' <Latency = 3> <II = 1> <Delay = 0.53> <IPBlock> <Opcode : '' 'add' 'sub' 'mul' 'select'> <InPorts = 0> <OutPorts = 1> <Sync> <CReg>
ST_5 : Operation 93 [1/1] (0.42ns)   --->   "%store_ln9 = store i17 %reg_13, i17 %reg_2" [fir.cpp:9]   --->   Operation 93 'store' 'store_ln9' <Predicate = true> <Delay = 0.42>

State 6 <SV = 5> <Delay = 1.29>
ST_6 : Operation 94 [1/1] (0.00ns)   --->   "%reg_15 = load i17 %reg_1" [fir.cpp:22]   --->   Operation 94 'load' 'reg_15' <Predicate = true> <Delay = 0.00>
ST_6 : Operation 95 [1/2] (0.64ns) (root node of the DSP)   --->   "%add_ln22_2 = add i33 %shl_ln22_2, i33 %sext_ln22_6" [fir.cpp:22]   --->   Operation 95 'add' 'add_ln22_2' <Predicate = true> <Delay = 0.64> <CoreInst = "DSP48">   --->   Core 124 'DSP48' <Latency = 3> <II = 1> <Delay = 0.53> <IPBlock> <Opcode : '' 'add' 'sub' 'mul' 'select'> <InPorts = 0> <OutPorts = 1> <Sync> <CReg>
ST_6 : Operation 96 [1/3] (0.00ns) (grouped into DSP with root node add_ln22_3)   --->   "%mul_ln22_3 = mul i29 %sext_ln22_7, i29 1638" [fir.cpp:22]   --->   Operation 96 'mul' 'mul_ln22_3' <Predicate = true> <Delay = 0.00> <CoreInst = "DSP48">   --->   Core 124 'DSP48' <Latency = 3> <II = 1> <Delay = 0.53> <IPBlock> <Opcode : '' 'add' 'sub' 'mul' 'select'> <InPorts = 0> <OutPorts = 1> <Sync> <CReg>
ST_6 : Operation 97 [1/1] (0.00ns)   --->   "%tmp_3 = partselect i19 @_ssdm_op_PartSelect.i19.i33.i32.i32, i33 %add_ln22_2, i32 14, i32 32" [fir.cpp:22]   --->   Operation 97 'partselect' 'tmp_3' <Predicate = true> <Delay = 0.00>
ST_6 : Operation 98 [1/1] (0.00ns)   --->   "%shl_ln22_3 = bitconcatenate i33 @_ssdm_op_BitConcatenate.i33.i19.i14, i19 %tmp_3, i14 0" [fir.cpp:22]   --->   Operation 98 'bitconcatenate' 'shl_ln22_3' <Predicate = true> <Delay = 0.00>
ST_6 : Operation 99 [1/1] (0.00ns) (grouped into DSP with root node add_ln22_3)   --->   "%sext_ln22_8 = sext i29 %mul_ln22_3" [fir.cpp:22]   --->   Operation 99 'sext' 'sext_ln22_8' <Predicate = true> <Delay = 0.00>
ST_6 : Operation 100 [2/2] (0.64ns) (root node of the DSP)   --->   "%add_ln22_3 = add i33 %shl_ln22_3, i33 %sext_ln22_8" [fir.cpp:22]   --->   Operation 100 'add' 'add_ln22_3' <Predicate = true> <Delay = 0.64> <CoreInst = "DSP48">   --->   Core 124 'DSP48' <Latency = 3> <II = 1> <Delay = 0.53> <IPBlock> <Opcode : '' 'add' 'sub' 'mul' 'select'> <InPorts = 0> <OutPorts = 1> <Sync> <CReg>
ST_6 : Operation 101 [2/3] (0.99ns) (grouped into DSP with root node add_ln22_4)   --->   "%mul_ln22_4 = mul i32 %sext_ln22_9, i32 9830" [fir.cpp:22]   --->   Operation 101 'mul' 'mul_ln22_4' <Predicate = true> <Delay = 0.99> <CoreInst = "DSP48">   --->   Core 124 'DSP48' <Latency = 3> <II = 1> <Delay = 0.53> <IPBlock> <Opcode : '' 'add' 'sub' 'mul' 'select'> <InPorts = 0> <OutPorts = 1> <Sync> <CReg>
ST_6 : Operation 102 [1/1] (0.00ns)   --->   "%sext_ln22_11 = sext i17 %reg_14" [fir.cpp:22]   --->   Operation 102 'sext' 'sext_ln22_11' <Predicate = true> <Delay = 0.00>
ST_6 : Operation 103 [3/3] (0.99ns) (grouped into DSP with root node add_ln22_5)   --->   "%mul_ln22_5 = mul i32 %sext_ln22_11, i32 4294957465" [fir.cpp:22]   --->   Operation 103 'mul' 'mul_ln22_5' <Predicate = true> <Delay = 0.99> <CoreInst = "DSP48">   --->   Core 124 'DSP48' <Latency = 3> <II = 1> <Delay = 0.53> <IPBlock> <Opcode : '' 'add' 'sub' 'mul' 'select'> <InPorts = 0> <OutPorts = 1> <Sync> <CReg>
ST_6 : Operation 104 [1/1] (0.42ns)   --->   "%store_ln9 = store i17 %reg_14, i17 %reg_1" [fir.cpp:9]   --->   Operation 104 'store' 'store_ln9' <Predicate = true> <Delay = 0.42>

State 7 <SV = 6> <Delay = 1.29>
ST_7 : Operation 105 [1/2] (0.64ns) (root node of the DSP)   --->   "%add_ln22_3 = add i33 %shl_ln22_3, i33 %sext_ln22_8" [fir.cpp:22]   --->   Operation 105 'add' 'add_ln22_3' <Predicate = true> <Delay = 0.64> <CoreInst = "DSP48">   --->   Core 124 'DSP48' <Latency = 3> <II = 1> <Delay = 0.53> <IPBlock> <Opcode : '' 'add' 'sub' 'mul' 'select'> <InPorts = 0> <OutPorts = 1> <Sync> <CReg>
ST_7 : Operation 106 [1/3] (0.00ns) (grouped into DSP with root node add_ln22_4)   --->   "%mul_ln22_4 = mul i32 %sext_ln22_9, i32 9830" [fir.cpp:22]   --->   Operation 106 'mul' 'mul_ln22_4' <Predicate = true> <Delay = 0.00> <CoreInst = "DSP48">   --->   Core 124 'DSP48' <Latency = 3> <II = 1> <Delay = 0.53> <IPBlock> <Opcode : '' 'add' 'sub' 'mul' 'select'> <InPorts = 0> <OutPorts = 1> <Sync> <CReg>
ST_7 : Operation 107 [1/1] (0.00ns)   --->   "%tmp_4 = partselect i19 @_ssdm_op_PartSelect.i19.i33.i32.i32, i33 %add_ln22_3, i32 14, i32 32" [fir.cpp:22]   --->   Operation 107 'partselect' 'tmp_4' <Predicate = true> <Delay = 0.00>
ST_7 : Operation 108 [1/1] (0.00ns)   --->   "%shl_ln22_4 = bitconcatenate i33 @_ssdm_op_BitConcatenate.i33.i19.i14, i19 %tmp_4, i14 0" [fir.cpp:22]   --->   Operation 108 'bitconcatenate' 'shl_ln22_4' <Predicate = true> <Delay = 0.00>
ST_7 : Operation 109 [1/1] (0.00ns) (grouped into DSP with root node add_ln22_4)   --->   "%sext_ln22_10 = sext i32 %mul_ln22_4" [fir.cpp:22]   --->   Operation 109 'sext' 'sext_ln22_10' <Predicate = true> <Delay = 0.00>
ST_7 : Operation 110 [2/2] (0.64ns) (root node of the DSP)   --->   "%add_ln22_4 = add i33 %shl_ln22_4, i33 %sext_ln22_10" [fir.cpp:22]   --->   Operation 110 'add' 'add_ln22_4' <Predicate = true> <Delay = 0.64> <CoreInst = "DSP48">   --->   Core 124 'DSP48' <Latency = 3> <II = 1> <Delay = 0.53> <IPBlock> <Opcode : '' 'add' 'sub' 'mul' 'select'> <InPorts = 0> <OutPorts = 1> <Sync> <CReg>
ST_7 : Operation 111 [2/3] (0.99ns) (grouped into DSP with root node add_ln22_5)   --->   "%mul_ln22_5 = mul i32 %sext_ln22_11, i32 4294957465" [fir.cpp:22]   --->   Operation 111 'mul' 'mul_ln22_5' <Predicate = true> <Delay = 0.99> <CoreInst = "DSP48">   --->   Core 124 'DSP48' <Latency = 3> <II = 1> <Delay = 0.53> <IPBlock> <Opcode : '' 'add' 'sub' 'mul' 'select'> <InPorts = 0> <OutPorts = 1> <Sync> <CReg>
ST_7 : Operation 112 [1/1] (0.00ns)   --->   "%sext_ln22_13 = sext i17 %reg_15" [fir.cpp:22]   --->   Operation 112 'sext' 'sext_ln22_13' <Predicate = true> <Delay = 0.00>
ST_7 : Operation 113 [3/3] (0.99ns) (grouped into DSP with root node add_ln22_6)   --->   "%mul_ln22_6 = mul i31 %sext_ln22_13, i31 6553" [fir.cpp:22]   --->   Operation 113 'mul' 'mul_ln22_6' <Predicate = true> <Delay = 0.99> <CoreInst = "DSP48">   --->   Core 124 'DSP48' <Latency = 3> <II = 1> <Delay = 0.53> <IPBlock> <Opcode : '' 'add' 'sub' 'mul' 'select'> <InPorts = 0> <OutPorts = 1> <Sync> <CReg>

State 8 <SV = 7> <Delay = 1.29>
ST_8 : Operation 114 [1/1] (0.00ns)   --->   "%reg_81_load = load i17 %reg_81" [fir.cpp:22]   --->   Operation 114 'load' 'reg_81_load' <Predicate = true> <Delay = 0.00>
ST_8 : Operation 115 [1/1] (0.00ns)   --->   "%reg_16 = load i17 %reg" [fir.cpp:22]   --->   Operation 115 'load' 'reg_16' <Predicate = true> <Delay = 0.00>
ST_8 : Operation 116 [1/2] (0.64ns) (root node of the DSP)   --->   "%add_ln22_4 = add i33 %shl_ln22_4, i33 %sext_ln22_10" [fir.cpp:22]   --->   Operation 116 'add' 'add_ln22_4' <Predicate = true> <Delay = 0.64> <CoreInst = "DSP48">   --->   Core 124 'DSP48' <Latency = 3> <II = 1> <Delay = 0.53> <IPBlock> <Opcode : '' 'add' 'sub' 'mul' 'select'> <InPorts = 0> <OutPorts = 1> <Sync> <CReg>
ST_8 : Operation 117 [1/3] (0.00ns) (grouped into DSP with root node add_ln22_5)   --->   "%mul_ln22_5 = mul i32 %sext_ln22_11, i32 4294957465" [fir.cpp:22]   --->   Operation 117 'mul' 'mul_ln22_5' <Predicate = true> <Delay = 0.00> <CoreInst = "DSP48">   --->   Core 124 'DSP48' <Latency = 3> <II = 1> <Delay = 0.53> <IPBlock> <Opcode : '' 'add' 'sub' 'mul' 'select'> <InPorts = 0> <OutPorts = 1> <Sync> <CReg>
ST_8 : Operation 118 [1/1] (0.00ns)   --->   "%tmp_5 = partselect i19 @_ssdm_op_PartSelect.i19.i33.i32.i32, i33 %add_ln22_4, i32 14, i32 32" [fir.cpp:22]   --->   Operation 118 'partselect' 'tmp_5' <Predicate = true> <Delay = 0.00>
ST_8 : Operation 119 [1/1] (0.00ns)   --->   "%shl_ln22_5 = bitconcatenate i33 @_ssdm_op_BitConcatenate.i33.i19.i14, i19 %tmp_5, i14 0" [fir.cpp:22]   --->   Operation 119 'bitconcatenate' 'shl_ln22_5' <Predicate = true> <Delay = 0.00>
ST_8 : Operation 120 [1/1] (0.00ns) (grouped into DSP with root node add_ln22_5)   --->   "%sext_ln22_12 = sext i32 %mul_ln22_5" [fir.cpp:22]   --->   Operation 120 'sext' 'sext_ln22_12' <Predicate = true> <Delay = 0.00>
ST_8 : Operation 121 [2/2] (0.64ns) (root node of the DSP)   --->   "%add_ln22_5 = add i33 %shl_ln22_5, i33 %sext_ln22_12" [fir.cpp:22]   --->   Operation 121 'add' 'add_ln22_5' <Predicate = true> <Delay = 0.64> <CoreInst = "DSP48">   --->   Core 124 'DSP48' <Latency = 3> <II = 1> <Delay = 0.53> <IPBlock> <Opcode : '' 'add' 'sub' 'mul' 'select'> <InPorts = 0> <OutPorts = 1> <Sync> <CReg>
ST_8 : Operation 122 [2/3] (0.99ns) (grouped into DSP with root node add_ln22_6)   --->   "%mul_ln22_6 = mul i31 %sext_ln22_13, i31 6553" [fir.cpp:22]   --->   Operation 122 'mul' 'mul_ln22_6' <Predicate = true> <Delay = 0.99> <CoreInst = "DSP48">   --->   Core 124 'DSP48' <Latency = 3> <II = 1> <Delay = 0.53> <IPBlock> <Opcode : '' 'add' 'sub' 'mul' 'select'> <InPorts = 0> <OutPorts = 1> <Sync> <CReg>
ST_8 : Operation 123 [1/1] (0.00ns)   --->   "%sext_ln22_15 = sext i17 %reg_16" [fir.cpp:22]   --->   Operation 123 'sext' 'sext_ln22_15' <Predicate = true> <Delay = 0.00>
ST_8 : Operation 124 [3/3] (0.99ns) (grouped into DSP with root node add_ln22_7)   --->   "%mul_ln22_7 = mul i30 %sext_ln22_15, i30 3276" [fir.cpp:22]   --->   Operation 124 'mul' 'mul_ln22_7' <Predicate = true> <Delay = 0.99> <CoreInst = "DSP48">   --->   Core 124 'DSP48' <Latency = 3> <II = 1> <Delay = 0.53> <IPBlock> <Opcode : '' 'add' 'sub' 'mul' 'select'> <InPorts = 0> <OutPorts = 1> <Sync> <CReg>
ST_8 : Operation 125 [1/1] (0.42ns)   --->   "%store_ln9 = store i17 %reg_15, i17 %reg" [fir.cpp:9]   --->   Operation 125 'store' 'store_ln9' <Predicate = true> <Delay = 0.42>
ST_8 : Operation 126 [1/1] (0.42ns)   --->   "%store_ln22 = store i17 %reg_16, i17 %reg_81" [fir.cpp:22]   --->   Operation 126 'store' 'store_ln22' <Predicate = true> <Delay = 0.42>

State 9 <SV = 8> <Delay = 1.29>
ST_9 : Operation 127 [1/2] (0.64ns) (root node of the DSP)   --->   "%add_ln22_5 = add i33 %shl_ln22_5, i33 %sext_ln22_12" [fir.cpp:22]   --->   Operation 127 'add' 'add_ln22_5' <Predicate = true> <Delay = 0.64> <CoreInst = "DSP48">   --->   Core 124 'DSP48' <Latency = 3> <II = 1> <Delay = 0.53> <IPBlock> <Opcode : '' 'add' 'sub' 'mul' 'select'> <InPorts = 0> <OutPorts = 1> <Sync> <CReg>
ST_9 : Operation 128 [1/3] (0.00ns) (grouped into DSP with root node add_ln22_6)   --->   "%mul_ln22_6 = mul i31 %sext_ln22_13, i31 6553" [fir.cpp:22]   --->   Operation 128 'mul' 'mul_ln22_6' <Predicate = true> <Delay = 0.00> <CoreInst = "DSP48">   --->   Core 124 'DSP48' <Latency = 3> <II = 1> <Delay = 0.53> <IPBlock> <Opcode : '' 'add' 'sub' 'mul' 'select'> <InPorts = 0> <OutPorts = 1> <Sync> <CReg>
ST_9 : Operation 129 [1/1] (0.00ns)   --->   "%tmp_6 = partselect i19 @_ssdm_op_PartSelect.i19.i33.i32.i32, i33 %add_ln22_5, i32 14, i32 32" [fir.cpp:22]   --->   Operation 129 'partselect' 'tmp_6' <Predicate = true> <Delay = 0.00>
ST_9 : Operation 130 [1/1] (0.00ns)   --->   "%shl_ln22_6 = bitconcatenate i33 @_ssdm_op_BitConcatenate.i33.i19.i14, i19 %tmp_6, i14 0" [fir.cpp:22]   --->   Operation 130 'bitconcatenate' 'shl_ln22_6' <Predicate = true> <Delay = 0.00>
ST_9 : Operation 131 [1/1] (0.00ns) (grouped into DSP with root node add_ln22_6)   --->   "%sext_ln22_14 = sext i31 %mul_ln22_6" [fir.cpp:22]   --->   Operation 131 'sext' 'sext_ln22_14' <Predicate = true> <Delay = 0.00>
ST_9 : Operation 132 [2/2] (0.64ns) (root node of the DSP)   --->   "%add_ln22_6 = add i33 %shl_ln22_6, i33 %sext_ln22_14" [fir.cpp:22]   --->   Operation 132 'add' 'add_ln22_6' <Predicate = true> <Delay = 0.64> <CoreInst = "DSP48">   --->   Core 124 'DSP48' <Latency = 3> <II = 1> <Delay = 0.53> <IPBlock> <Opcode : '' 'add' 'sub' 'mul' 'select'> <InPorts = 0> <OutPorts = 1> <Sync> <CReg>
ST_9 : Operation 133 [2/3] (0.99ns) (grouped into DSP with root node add_ln22_7)   --->   "%mul_ln22_7 = mul i30 %sext_ln22_15, i30 3276" [fir.cpp:22]   --->   Operation 133 'mul' 'mul_ln22_7' <Predicate = true> <Delay = 0.99> <CoreInst = "DSP48">   --->   Core 124 'DSP48' <Latency = 3> <II = 1> <Delay = 0.53> <IPBlock> <Opcode : '' 'add' 'sub' 'mul' 'select'> <InPorts = 0> <OutPorts = 1> <Sync> <CReg>
ST_9 : Operation 134 [1/1] (0.00ns)   --->   "%sext_ln22_17 = sext i17 %reg_81_load" [fir.cpp:22]   --->   Operation 134 'sext' 'sext_ln22_17' <Predicate = true> <Delay = 0.00>
ST_9 : Operation 135 [3/3] (0.99ns) (grouped into DSP with root node add_ln22_8)   --->   "%mul_ln22_8 = mul i30 %sext_ln22_17, i30 1073738547" [fir.cpp:22]   --->   Operation 135 'mul' 'mul_ln22_8' <Predicate = true> <Delay = 0.99> <CoreInst = "DSP48">   --->   Core 124 'DSP48' <Latency = 3> <II = 1> <Delay = 0.53> <IPBlock> <Opcode : '' 'add' 'sub' 'mul' 'select'> <InPorts = 0> <OutPorts = 1> <Sync> <CReg>

State 10 <SV = 9> <Delay = 1.29>
ST_10 : Operation 136 [1/2] (0.64ns) (root node of the DSP)   --->   "%add_ln22_6 = add i33 %shl_ln22_6, i33 %sext_ln22_14" [fir.cpp:22]   --->   Operation 136 'add' 'add_ln22_6' <Predicate = true> <Delay = 0.64> <CoreInst = "DSP48">   --->   Core 124 'DSP48' <Latency = 3> <II = 1> <Delay = 0.53> <IPBlock> <Opcode : '' 'add' 'sub' 'mul' 'select'> <InPorts = 0> <OutPorts = 1> <Sync> <CReg>
ST_10 : Operation 137 [1/3] (0.00ns) (grouped into DSP with root node add_ln22_7)   --->   "%mul_ln22_7 = mul i30 %sext_ln22_15, i30 3276" [fir.cpp:22]   --->   Operation 137 'mul' 'mul_ln22_7' <Predicate = true> <Delay = 0.00> <CoreInst = "DSP48">   --->   Core 124 'DSP48' <Latency = 3> <II = 1> <Delay = 0.53> <IPBlock> <Opcode : '' 'add' 'sub' 'mul' 'select'> <InPorts = 0> <OutPorts = 1> <Sync> <CReg>
ST_10 : Operation 138 [1/1] (0.00ns)   --->   "%tmp_7 = partselect i19 @_ssdm_op_PartSelect.i19.i33.i32.i32, i33 %add_ln22_6, i32 14, i32 32" [fir.cpp:22]   --->   Operation 138 'partselect' 'tmp_7' <Predicate = true> <Delay = 0.00>
ST_10 : Operation 139 [1/1] (0.00ns)   --->   "%shl_ln22_7 = bitconcatenate i33 @_ssdm_op_BitConcatenate.i33.i19.i14, i19 %tmp_7, i14 0" [fir.cpp:22]   --->   Operation 139 'bitconcatenate' 'shl_ln22_7' <Predicate = true> <Delay = 0.00>
ST_10 : Operation 140 [1/1] (0.00ns) (grouped into DSP with root node add_ln22_7)   --->   "%sext_ln22_16 = sext i30 %mul_ln22_7" [fir.cpp:22]   --->   Operation 140 'sext' 'sext_ln22_16' <Predicate = true> <Delay = 0.00>
ST_10 : Operation 141 [2/2] (0.64ns) (root node of the DSP)   --->   "%add_ln22_7 = add i33 %shl_ln22_7, i33 %sext_ln22_16" [fir.cpp:22]   --->   Operation 141 'add' 'add_ln22_7' <Predicate = true> <Delay = 0.64> <CoreInst = "DSP48">   --->   Core 124 'DSP48' <Latency = 3> <II = 1> <Delay = 0.53> <IPBlock> <Opcode : '' 'add' 'sub' 'mul' 'select'> <InPorts = 0> <OutPorts = 1> <Sync> <CReg>
ST_10 : Operation 142 [2/3] (0.99ns) (grouped into DSP with root node add_ln22_8)   --->   "%mul_ln22_8 = mul i30 %sext_ln22_17, i30 1073738547" [fir.cpp:22]   --->   Operation 142 'mul' 'mul_ln22_8' <Predicate = true> <Delay = 0.99> <CoreInst = "DSP48">   --->   Core 124 'DSP48' <Latency = 3> <II = 1> <Delay = 0.53> <IPBlock> <Opcode : '' 'add' 'sub' 'mul' 'select'> <InPorts = 0> <OutPorts = 1> <Sync> <CReg>

State 11 <SV = 10> <Delay = 1.29>
ST_11 : Operation 143 [1/2] (0.64ns) (root node of the DSP)   --->   "%add_ln22_7 = add i33 %shl_ln22_7, i33 %sext_ln22_16" [fir.cpp:22]   --->   Operation 143 'add' 'add_ln22_7' <Predicate = true> <Delay = 0.64> <CoreInst = "DSP48">   --->   Core 124 'DSP48' <Latency = 3> <II = 1> <Delay = 0.53> <IPBlock> <Opcode : '' 'add' 'sub' 'mul' 'select'> <InPorts = 0> <OutPorts = 1> <Sync> <CReg>
ST_11 : Operation 144 [1/3] (0.00ns) (grouped into DSP with root node add_ln22_8)   --->   "%mul_ln22_8 = mul i30 %sext_ln22_17, i30 1073738547" [fir.cpp:22]   --->   Operation 144 'mul' 'mul_ln22_8' <Predicate = true> <Delay = 0.00> <CoreInst = "DSP48">   --->   Core 124 'DSP48' <Latency = 3> <II = 1> <Delay = 0.53> <IPBlock> <Opcode : '' 'add' 'sub' 'mul' 'select'> <InPorts = 0> <OutPorts = 1> <Sync> <CReg>
ST_11 : Operation 145 [1/1] (0.00ns)   --->   "%tmp_8 = partselect i19 @_ssdm_op_PartSelect.i19.i33.i32.i32, i33 %add_ln22_7, i32 14, i32 32" [fir.cpp:22]   --->   Operation 145 'partselect' 'tmp_8' <Predicate = true> <Delay = 0.00>
ST_11 : Operation 146 [1/1] (0.00ns)   --->   "%shl_ln22_8 = bitconcatenate i33 @_ssdm_op_BitConcatenate.i33.i19.i14, i19 %tmp_8, i14 0" [fir.cpp:22]   --->   Operation 146 'bitconcatenate' 'shl_ln22_8' <Predicate = true> <Delay = 0.00>
ST_11 : Operation 147 [1/1] (0.00ns) (grouped into DSP with root node add_ln22_8)   --->   "%sext_ln22_18 = sext i30 %mul_ln22_8" [fir.cpp:22]   --->   Operation 147 'sext' 'sext_ln22_18' <Predicate = true> <Delay = 0.00>
ST_11 : Operation 148 [2/2] (0.64ns) (root node of the DSP)   --->   "%add_ln22_8 = add i33 %shl_ln22_8, i33 %sext_ln22_18" [fir.cpp:22]   --->   Operation 148 'add' 'add_ln22_8' <Predicate = true> <Delay = 0.64> <CoreInst = "DSP48">   --->   Core 124 'DSP48' <Latency = 3> <II = 1> <Delay = 0.53> <IPBlock> <Opcode : '' 'add' 'sub' 'mul' 'select'> <InPorts = 0> <OutPorts = 1> <Sync> <CReg>

State 12 <SV = 11> <Delay = 1.12>
ST_12 : Operation 149 [1/2] (0.64ns) (root node of the DSP)   --->   "%add_ln22_8 = add i33 %shl_ln22_8, i33 %sext_ln22_18" [fir.cpp:22]   --->   Operation 149 'add' 'add_ln22_8' <Predicate = true> <Delay = 0.64> <CoreInst = "DSP48">   --->   Core 124 'DSP48' <Latency = 3> <II = 1> <Delay = 0.53> <IPBlock> <Opcode : '' 'add' 'sub' 'mul' 'select'> <InPorts = 0> <OutPorts = 1> <Sync> <CReg>
ST_12 : Operation 150 [1/1] (0.00ns)   --->   "%tmp_9 = partselect i19 @_ssdm_op_PartSelect.i19.i33.i32.i32, i33 %add_ln22_8, i32 14, i32 32" [fir.cpp:26]   --->   Operation 150 'partselect' 'tmp_9' <Predicate = true> <Delay = 0.00>
ST_12 : Operation 151 [1/1] (0.00ns)   --->   "%zext_ln26 = zext i19 %tmp_9" [fir.cpp:26]   --->   Operation 151 'zext' 'zext_ln26' <Predicate = true> <Delay = 0.00>
ST_12 : Operation 152 [2/2] (0.47ns)   --->   "%write_ln26 = write void @_ssdm_op_Write.axis.volatile.i24P128A, i24 %out_r, i24 %zext_ln26" [fir.cpp:26]   --->   Operation 152 'write' 'write_ln26' <Predicate = true> <Delay = 0.47> <CoreInst = "regslice">   --->   Core 147 'regslice' <Latency = 0> <II = 1> <Delay = 0.62> <Adapter> <Opcode : 'read' 'write'>

State 13 <SV = 12> <Delay = 0.47>
ST_13 : Operation 153 [1/1] (0.00ns)   --->   "%specpipeline_ln9 = specpipeline void @_ssdm_op_SpecPipeline, i32 4294967295, i32 0, i32 0, i32 0, void @empty" [fir.cpp:9]   --->   Operation 153 'specpipeline' 'specpipeline_ln9' <Predicate = true> <Delay = 0.00>
ST_13 : Operation 154 [1/1] (0.00ns)   --->   "%speclooptripcount_ln9 = speclooptripcount void @_ssdm_op_SpecLoopTripCount, i64 100, i64 100, i64 100" [fir.cpp:9]   --->   Operation 154 'speclooptripcount' 'speclooptripcount_ln9' <Predicate = true> <Delay = 0.00>
ST_13 : Operation 155 [1/1] (0.00ns)   --->   "%specloopname_ln12 = specloopname void @_ssdm_op_SpecLoopName, void @empty_6" [fir.cpp:12]   --->   Operation 155 'specloopname' 'specloopname_ln12' <Predicate = true> <Delay = 0.00>
ST_13 : Operation 156 [1/2] (0.47ns)   --->   "%write_ln26 = write void @_ssdm_op_Write.axis.volatile.i24P128A, i24 %out_r, i24 %zext_ln26" [fir.cpp:26]   --->   Operation 156 'write' 'write_ln26' <Predicate = true> <Delay = 0.47> <CoreInst = "regslice">   --->   Core 147 'regslice' <Latency = 0> <II = 1> <Delay = 0.62> <Adapter> <Opcode : 'read' 'write'>
ST_13 : Operation 157 [1/1] (0.42ns)   --->   "%ret_ln28 = ret" [fir.cpp:28]   --->   Operation 157 'ret' 'ret_ln28' <Predicate = (icmp_ln12)> <Delay = 0.42>


============================================================
+ Verbose Summary: Timing violations
============================================================
Target clock period: 5.000ns, clock uncertainty: 1.350ns.

 <State 1>: 1.627ns
The critical path consists of the following:
	'store' operation 0 bit ('store_ln0') of constant 0 on local variable 'n10' [28]  (0.427 ns)
	'load' operation 7 bit ('n10_load', fir.cpp:12) on local variable 'n10' [33]  (0.000 ns)
	'add' operation 7 bit ('n', fir.cpp:12) [104]  (0.773 ns)
	'store' operation 0 bit ('store_ln12', fir.cpp:12) of variable 'n', fir.cpp:12 on local variable 'n10' [114]  (0.427 ns)

 <State 2>: 0.996ns
The critical path consists of the following:
	'mul' operation 32 bit of DSP[51] ('mul_ln22', fir.cpp:22) [48]  (0.996 ns)

 <State 3>: 0.996ns
The critical path consists of the following:
	'mul' operation 32 bit of DSP[58] ('mul_ln22_1', fir.cpp:22) [54]  (0.996 ns)

 <State 4>: 1.290ns
The critical path consists of the following:
	'add' operation 32 bit of DSP[51] ('add_ln22', fir.cpp:22) [51]  (0.645 ns)
	'add' operation 33 bit of DSP[58] ('add_ln22_1', fir.cpp:22) [58]  (0.645 ns)

 <State 5>: 1.290ns
The critical path consists of the following:
	'add' operation 33 bit of DSP[58] ('add_ln22_1', fir.cpp:22) [58]  (0.645 ns)
	'add' operation 33 bit of DSP[64] ('add_ln22_2', fir.cpp:22) [64]  (0.645 ns)

 <State 6>: 1.290ns
The critical path consists of the following:
	'add' operation 33 bit of DSP[64] ('add_ln22_2', fir.cpp:22) [64]  (0.645 ns)
	'add' operation 33 bit of DSP[70] ('add_ln22_3', fir.cpp:22) [70]  (0.645 ns)

 <State 7>: 1.290ns
The critical path consists of the following:
	'add' operation 33 bit of DSP[70] ('add_ln22_3', fir.cpp:22) [70]  (0.645 ns)
	'add' operation 33 bit of DSP[76] ('add_ln22_4', fir.cpp:22) [76]  (0.645 ns)

 <State 8>: 1.290ns
The critical path consists of the following:
	'add' operation 33 bit of DSP[76] ('add_ln22_4', fir.cpp:22) [76]  (0.645 ns)
	'add' operation 33 bit of DSP[82] ('add_ln22_5', fir.cpp:22) [82]  (0.645 ns)

 <State 9>: 1.290ns
The critical path consists of the following:
	'add' operation 33 bit of DSP[82] ('add_ln22_5', fir.cpp:22) [82]  (0.645 ns)
	'add' operation 33 bit of DSP[88] ('add_ln22_6', fir.cpp:22) [88]  (0.645 ns)

 <State 10>: 1.290ns
The critical path consists of the following:
	'add' operation 33 bit of DSP[88] ('add_ln22_6', fir.cpp:22) [88]  (0.645 ns)
	'add' operation 33 bit of DSP[94] ('add_ln22_7', fir.cpp:22) [94]  (0.645 ns)

 <State 11>: 1.290ns
The critical path consists of the following:
	'add' operation 33 bit of DSP[94] ('add_ln22_7', fir.cpp:22) [94]  (0.645 ns)
	'add' operation 33 bit of DSP[100] ('add_ln22_8', fir.cpp:22) [100]  (0.645 ns)

 <State 12>: 1.120ns
The critical path consists of the following:
	'add' operation 33 bit of DSP[100] ('add_ln22_8', fir.cpp:22) [100]  (0.645 ns)
	axis write operation ('write_ln26', fir.cpp:26) on port 'out_r' (fir.cpp:26) [103]  (0.475 ns)

 <State 13>: 0.475ns
The critical path consists of the following:
	axis write operation ('write_ln26', fir.cpp:26) on port 'out_r' (fir.cpp:26) [103]  (0.475 ns)


============================================================
+ Verbose Summary: Binding
============================================================
N/A
* FSMD analyzer results:
  - Output states:
 - Input state : 
  - Chain level:
	State 1
	State 2
	State 3
	State 4
	State 5
	State 6
	State 7
	State 8
	State 9
	State 10
	State 11
	State 12
	State 13


============================================================
+ Verbose Summary: Datapath Resource usage 
============================================================
N/A
