

================================================================
== Synthesis Summary Report of 'fir'
================================================================
+ General Information: 
    * Date:           Thu Feb 13 19:27:55 2025
    * Version:        2024.2 (Build 5238294 on Nov  8 2024)
    * Project:        fir1
    * Solution:       hls (Vitis Kernel Flow Target)
    * Product family: zynquplusRFSOC
    * Target device:  xczu48dr-ffvg1517-2-e
    

+ Performance & Resource Estimates: 
    
    PS: '+' for module; 'o' for loop; '*' for dataflow
    +----------------+------+------+---------+---------+----------+---------+------+----------+------+---------+------------+-----------+-----+
    |     Modules    | Issue|      | Latency | Latency | Iteration|         | Trip |          |      |         |            |           |     |
    |     & Loops    | Type | Slack| (cycles)|   (ns)  |  Latency | Interval| Count| Pipelined| BRAM |   DSP   |     FF     |    LUT    | URAM|
    +----------------+------+------+---------+---------+----------+---------+------+----------+------+---------+------------+-----------+-----+
    |+ fir           |    II|  0.20|      187|  935.000|         -|      100|     -|    rewind|     -|  50 (1%)|  6260 (~0%)|  4258 (1%)|    -|
    | o sample_loop  |     -|  3.65|      185|  925.000|        87|        1|   100|       yes|     -|        -|           -|          -|    -|
    +----------------+------+------+---------+---------+----------+---------+------+----------+------+---------+------------+-----------+-----+


================================================================
== HW Interfaces
================================================================
* S_AXILITE Interfaces
+---------------+------------+---------------+
| Interface     | Data Width | Address Width |
+---------------+------------+---------------+
| s_axi_control | 32         | 4             |
+---------------+------------+---------------+

* S_AXILITE Registers
+---------------+----------+--------+-------+--------+----------------------------------+------------------------------------------------------------------------------------+
| Interface     | Register | Offset | Width | Access | Description                      | Bit Fields                                                                         |
+---------------+----------+--------+-------+--------+----------------------------------+------------------------------------------------------------------------------------+
| s_axi_control | CTRL     | 0x00   | 32    | RW     | Control signals                  | 0=AP_START 1=AP_DONE 2=AP_IDLE 3=AP_READY 4=AP_CONTINUE 7=AUTO_RESTART 9=INTERRUPT |
| s_axi_control | GIER     | 0x04   | 32    | RW     | Global Interrupt Enable Register | 0=Enable                                                                           |
| s_axi_control | IP_IER   | 0x08   | 32    | RW     | IP Interrupt Enable Register     | 0=CHAN0_INT_EN 1=CHAN1_INT_EN                                                      |
| s_axi_control | IP_ISR   | 0x0c   | 32    | RW     | IP Interrupt Status Register     | 0=CHAN0_INT_ST 1=CHAN1_INT_ST                                                      |
+---------------+----------+--------+-------+--------+----------------------------------+------------------------------------------------------------------------------------+

* AXIS
+-----------+-----------+---------------+-------+--------+--------+
| Interface | Direction | Register Mode | TDATA | TREADY | TVALID |
+-----------+-----------+---------------+-------+--------+--------+
| in_r      | in        | both          | 32    | 1      | 1      |
| out_r     | out       | both          | 32    | 1      | 1      |
+-----------+-----------+---------------+-------+--------+--------+

* TOP LEVEL CONTROL
+-----------+---------------+-----------+
| Interface | Type          | Ports     |
+-----------+---------------+-----------+
| ap_clk    | clock         | ap_clk    |
| ap_rst_n  | reset         | ap_rst_n  |
| interrupt | interrupt     | interrupt |
| ap_ctrl   | ap_ctrl_chain |           |
+-----------+---------------+-----------+


================================================================
== SW I/O Information
================================================================
* Top Function Arguments
+----------+-----------+----------+
| Argument | Direction | Datatype |
+----------+-----------+----------+
| in       | in        | float*   |
| out      | out       | float*   |
+----------+-----------+----------+

* SW-to-HW Mapping
+----------+--------------+-----------+
| Argument | HW Interface | HW Type   |
+----------+--------------+-----------+
| in       | in_r         | interface |
| out      | out_r        | interface |
+----------+--------------+-----------+


================================================================
== Bind Op Report
================================================================
+--------------------------------------+-----+--------+-----------+-------+---------+---------+
| Name                                 | DSP | Pragma | Variable  | Op    | Impl    | Latency |
+--------------------------------------+-----+--------+-----------+-------+---------+---------+
| + fir                                | 50  |        |           |       |         |         |
|   fmul_32ns_32ns_32_5_max_dsp_1_U11  | 3   |        | mul       | fmul  | maxdsp  | 4       |
|   fadd_32ns_32ns_32_8_full_dsp_1_U1  | 2   |        | y         | fadd  | fulldsp | 7       |
|   fmul_32ns_32ns_32_5_max_dsp_1_U12  | 3   |        | mul_1     | fmul  | maxdsp  | 4       |
|   fadd_32ns_32ns_32_8_full_dsp_1_U2  | 2   |        | y_1       | fadd  | fulldsp | 7       |
|   fmul_32ns_32ns_32_5_max_dsp_1_U13  | 3   |        | mul_2     | fmul  | maxdsp  | 4       |
|   fadd_32ns_32ns_32_8_full_dsp_1_U3  | 2   |        | y_2       | fadd  | fulldsp | 7       |
|   fmul_32ns_32ns_32_5_max_dsp_1_U14  | 3   |        | mul_3     | fmul  | maxdsp  | 4       |
|   fadd_32ns_32ns_32_8_full_dsp_1_U4  | 2   |        | y_3       | fadd  | fulldsp | 7       |
|   fmul_32ns_32ns_32_5_max_dsp_1_U15  | 3   |        | mul_4     | fmul  | maxdsp  | 4       |
|   fadd_32ns_32ns_32_8_full_dsp_1_U5  | 2   |        | y_4       | fadd  | fulldsp | 7       |
|   fmul_32ns_32ns_32_5_max_dsp_1_U16  | 3   |        | mul_5     | fmul  | maxdsp  | 4       |
|   fadd_32ns_32ns_32_8_full_dsp_1_U6  | 2   |        | y_5       | fadd  | fulldsp | 7       |
|   fmul_32ns_32ns_32_5_max_dsp_1_U17  | 3   |        | mul_6     | fmul  | maxdsp  | 4       |
|   fadd_32ns_32ns_32_8_full_dsp_1_U7  | 2   |        | y_6       | fadd  | fulldsp | 7       |
|   fmul_32ns_32ns_32_5_max_dsp_1_U18  | 3   |        | mul_7     | fmul  | maxdsp  | 4       |
|   fadd_32ns_32ns_32_8_full_dsp_1_U8  | 2   |        | y_7       | fadd  | fulldsp | 7       |
|   fmul_32ns_32ns_32_5_max_dsp_1_U19  | 3   |        | mul_8     | fmul  | maxdsp  | 4       |
|   fadd_32ns_32ns_32_8_full_dsp_1_U9  | 2   |        | y_8       | fadd  | fulldsp | 7       |
|   fmul_32ns_32ns_32_5_max_dsp_1_U20  | 3   |        | mul_9     | fmul  | maxdsp  | 4       |
|   fadd_32ns_32ns_32_8_full_dsp_1_U10 | 2   |        | y_9       | fadd  | fulldsp | 7       |
|   n_fu_275_p2                        |     |        | n         | add   | fabric  | 0       |
|   icmp_ln12_fu_281_p2                |     |        | icmp_ln12 | seteq | auto    | 0       |
+--------------------------------------+-----+--------+-----------+-------+---------+---------+


================================================================
== Storage Report
================================================================
+-------------------+-----------+-----------+------+------+--------+----------+------+---------+------------------+
| Name              | Usage     | Type      | BRAM | URAM | Pragma | Variable | Impl | Latency | Bitwidth, Depth, |
|                   |           |           |      |      |        |          |      |         | Banks            |
+-------------------+-----------+-----------+------+------+--------+----------+------+---------+------------------+
| + fir             |           |           | 0    | 0    |        |          |      |         |                  |
|   control_s_axi_U | interface | s_axilite |      |      |        |          |      |         |                  |
+-------------------+-----------+-----------+------+------+--------+----------+------+---------+------------------+


================================================================
== Pragma Report
================================================================
* Valid Pragma Syntax
+-----------------+----------------------------+------------------------+
| Type            | Options                    | Location               |
+-----------------+----------------------------+------------------------+
| interface       | axis port=in               | fir.cpp:6 in fir, in   |
| interface       | axis port=out              | fir.cpp:7 in fir, out  |
| array_partition | variable=reg type=complete | fir.cpp:10 in fir, reg |
+-----------------+----------------------------+------------------------+


