Thu Feb 13 20:30:20 2025: Running xcd server. This server was built by gradle.
Thu Feb 13 20:30:20 2025: Server was asked to start on port: '39680'
Thu Feb 13 20:30:20 2025: Server is using token UUID: '067ff1dd-0d2f-4536-8a57-76726c71d5b1'
Thu Feb 13 20:30:20 2025: SESSION_MGR: creating session with session uuid: '6d04a3e9-ade5-4ab9-8d63-1f78fcd2ec76' and name 'default'
Thu Feb 13 20:30:20 2025: Attempting to start server on port '39680'
Thu Feb 13 20:30:20 2025: XCD main fifo: created main fifo '/tmp/xcdmain067ff1dd-0d2f-4536-8a57-76726c71d5b1', fd read = 13
Thu Feb 13 20:30:20 2025: Running Dispatch Server
Thu Feb 13 20:30:20 2025: Version 2.2.0
Thu Feb 13 20:30:21 2025: Dispatch Server: Accepted socket connection from client
Thu Feb 13 20:30:21 2025: Starting Socket connection
Thu Feb 13 20:30:21 2025: EXCHANGE_TOKEN received, server token: 067ff1dd-0d2f-4536-8a57-76726c71d5b1, passed token: 067ff1dd-0d2f-4536-8a57-76726c71d5b1
Thu Feb 13 20:30:22 2025: DISPATCH_HANDLER: Adding handler from function makeHandler in library libxv_system_diagram
Thu Feb 13 20:30:22 2025: SESSION_MGR: creating session with session uuid: 'bf26ffa7-7efc-4458-9c1e-ac662d0c9c8f' and name 'vitis-run_compile_fir3'
Thu Feb 13 20:30:22 2025: KERNEL_SVC: creating session with uuid: 'bf26ffa7-7efc-4458-9c1e-ac662d0c9c8f' and name 'vitis-run_compile_fir3'
Thu Feb 13 20:30:22 2025: GUIDANCE_SMGR: creating guidance session with uuid: 'bf26ffa7-7efc-4458-9c1e-ac662d0c9c8f' and name 'vitis-run_compile_fir3'
Thu Feb 13 20:30:22 2025: SYSTEM_DIAGRAM: creating session with uuid: 'bf26ffa7-7efc-4458-9c1e-ac662d0c9c8f' and name 'vitis-run_compile_fir3'
Thu Feb 13 20:30:32 2025: Dispatch Server: Accepted socket connection from client
Thu Feb 13 20:30:32 2025: Starting Socket connection
Thu Feb 13 20:30:41 2025: SESSION_MGR: closing session for UUID 'bf26ffa7-7efc-4458-9c1e-ac662d0c9c8f' with name 'vitis-run_compile_fir3'
Thu Feb 13 20:30:41 2025: KERNEL_SVC: closing session for UUID 'bf26ffa7-7efc-4458-9c1e-ac662d0c9c8f' with name 'vitis-run_compile_fir3'
Thu Feb 13 20:30:41 2025: GUIDANCE_SMGR: closing session for UUID 'bf26ffa7-7efc-4458-9c1e-ac662d0c9c8f' with name 'vitis-run_compile_fir3'
Thu Feb 13 20:30:41 2025: SYSTEM_DIAGRAM: closing session for UUID 'bf26ffa7-7efc-4458-9c1e-ac662d0c9c8f' with name 'vitis-run_compile_fir3'
Thu Feb 13 20:30:41 2025: STOP_SERVER received, server token: 067ff1dd-0d2f-4536-8a57-76726c71d5b1, passed token: 067ff1dd-0d2f-4536-8a57-76726c71d5b1
Thu Feb 13 20:30:41 2025: Socket received request to stop server.
Thu Feb 13 20:30:41 2025: Dispatch Server: do_await_stop
Thu Feb 13 20:30:41 2025: Dispatch Server: stopping mainFifo_
Thu Feb 13 20:30:41 2025: XCD main fifo: Stopping
Thu Feb 13 20:30:41 2025: XCD main fifo: do_read error code: Operation canceled
Thu Feb 13 20:30:41 2025: XCD main fifo: bytes_transferred: 0
Thu Feb 13 20:30:41 2025: SERVER: destructor for server bound to port 39680
Thu Feb 13 20:30:41 2025: XCD main fifo: Good unlink of /tmp/xcdmain067ff1dd-0d2f-4536-8a57-76726c71d5b1
Thu Feb 13 20:30:41 2025: Server exiting with status 0.
Thu Feb 13 20:30:41 2025: Closing log file.
Thu Feb 13 20:30:48 2025: Running xcd server. This server was built by gradle.
Thu Feb 13 20:30:48 2025: Server was asked to start on port: '33678'
Thu Feb 13 20:30:48 2025: Server is using token UUID: 'c6de7f9d-3b34-458b-b115-1daa0740d2ae'
Thu Feb 13 20:30:48 2025: SESSION_MGR: creating session with session uuid: '6d04a3e9-ade5-4ab9-8d63-1f78fcd2ec76' and name 'default'
Thu Feb 13 20:30:48 2025: Attempting to start server on port '33678'
Thu Feb 13 20:30:48 2025: XCD main fifo: created main fifo '/tmp/xcdmainc6de7f9d-3b34-458b-b115-1daa0740d2ae', fd read = 13
Thu Feb 13 20:30:48 2025: Running Dispatch Server
Thu Feb 13 20:30:48 2025: Version 2.2.0
Thu Feb 13 20:30:50 2025: Dispatch Server: Accepted socket connection from client
Thu Feb 13 20:30:50 2025: Starting Socket connection
Thu Feb 13 20:30:50 2025: EXCHANGE_TOKEN received, server token: c6de7f9d-3b34-458b-b115-1daa0740d2ae, passed token: c6de7f9d-3b34-458b-b115-1daa0740d2ae
Thu Feb 13 20:30:50 2025: DISPATCH_HANDLER: Adding handler from function makeHandler in library libxv_system_diagram
Thu Feb 13 20:30:50 2025: SESSION_MGR: creating session with session uuid: '1530a416-ca6d-4f53-b311-1db5c8416e5e' and name 'v++_compile_fir3'
Thu Feb 13 20:30:50 2025: KERNEL_SVC: creating session with uuid: '1530a416-ca6d-4f53-b311-1db5c8416e5e' and name 'v++_compile_fir3'
Thu Feb 13 20:30:50 2025: GUIDANCE_SMGR: creating guidance session with uuid: '1530a416-ca6d-4f53-b311-1db5c8416e5e' and name 'v++_compile_fir3'
Thu Feb 13 20:30:50 2025: SYSTEM_DIAGRAM: creating session with uuid: '1530a416-ca6d-4f53-b311-1db5c8416e5e' and name 'v++_compile_fir3'
Thu Feb 13 20:30:58 2025: Dispatch Server: Accepted socket connection from client
Thu Feb 13 20:30:58 2025: Starting Socket connection
Thu Feb 13 20:31:14 2025: SESSION_MGR: closing session for UUID '1530a416-ca6d-4f53-b311-1db5c8416e5e' with name 'v++_compile_fir3'
Thu Feb 13 20:31:14 2025: KERNEL_SVC: closing session for UUID '1530a416-ca6d-4f53-b311-1db5c8416e5e' with name 'v++_compile_fir3'
Thu Feb 13 20:31:14 2025: GUIDANCE_SMGR: closing session for UUID '1530a416-ca6d-4f53-b311-1db5c8416e5e' with name 'v++_compile_fir3'
Thu Feb 13 20:31:14 2025: SYSTEM_DIAGRAM: closing session for UUID '1530a416-ca6d-4f53-b311-1db5c8416e5e' with name 'v++_compile_fir3'
Thu Feb 13 20:31:14 2025: STOP_SERVER received, server token: c6de7f9d-3b34-458b-b115-1daa0740d2ae, passed token: c6de7f9d-3b34-458b-b115-1daa0740d2ae
Thu Feb 13 20:31:14 2025: Socket received request to stop server.
Thu Feb 13 20:31:14 2025: Dispatch Server: do_await_stop
Thu Feb 13 20:31:14 2025: Dispatch Server: stopping mainFifo_
Thu Feb 13 20:31:14 2025: XCD main fifo: Stopping
Thu Feb 13 20:31:14 2025: XCD main fifo: do_read error code: Operation canceled
Thu Feb 13 20:31:14 2025: XCD main fifo: bytes_transferred: 0
Thu Feb 13 20:31:14 2025: SERVER: destructor for server bound to port 33678
Thu Feb 13 20:31:14 2025: XCD main fifo: Good unlink of /tmp/xcdmainc6de7f9d-3b34-458b-b115-1daa0740d2ae
Thu Feb 13 20:31:14 2025: Server exiting with status 0.
Thu Feb 13 20:31:14 2025: Closing log file.
Thu Feb 13 20:31:21 2025: Running xcd server. This server was built by gradle.
Thu Feb 13 20:31:21 2025: Server was asked to start on port: '34894'
Thu Feb 13 20:31:21 2025: Server is using token UUID: '31aa5acc-11d6-499e-8b95-aecfb9bfa09a'
Thu Feb 13 20:31:21 2025: SESSION_MGR: creating session with session uuid: '6d04a3e9-ade5-4ab9-8d63-1f78fcd2ec76' and name 'default'
Thu Feb 13 20:31:21 2025: Attempting to start server on port '34894'
Thu Feb 13 20:31:21 2025: XCD main fifo: created main fifo '/tmp/xcdmain31aa5acc-11d6-499e-8b95-aecfb9bfa09a', fd read = 13
Thu Feb 13 20:31:21 2025: Running Dispatch Server
Thu Feb 13 20:31:21 2025: Version 2.2.0
Thu Feb 13 20:31:23 2025: Dispatch Server: Accepted socket connection from client
Thu Feb 13 20:31:23 2025: Starting Socket connection
Thu Feb 13 20:31:23 2025: EXCHANGE_TOKEN received, server token: 31aa5acc-11d6-499e-8b95-aecfb9bfa09a, passed token: 31aa5acc-11d6-499e-8b95-aecfb9bfa09a
Thu Feb 13 20:31:23 2025: DISPATCH_HANDLER: Adding handler from function makeHandler in library libxv_system_diagram
Thu Feb 13 20:31:23 2025: SESSION_MGR: creating session with session uuid: 'd3d90c07-5de2-4dea-8774-a2863068d318' and name 'vitis-run_compile_fir3'
Thu Feb 13 20:31:23 2025: KERNEL_SVC: creating session with uuid: 'd3d90c07-5de2-4dea-8774-a2863068d318' and name 'vitis-run_compile_fir3'
Thu Feb 13 20:31:23 2025: GUIDANCE_SMGR: creating guidance session with uuid: 'd3d90c07-5de2-4dea-8774-a2863068d318' and name 'vitis-run_compile_fir3'
Thu Feb 13 20:31:23 2025: SYSTEM_DIAGRAM: creating session with uuid: 'd3d90c07-5de2-4dea-8774-a2863068d318' and name 'vitis-run_compile_fir3'
Thu Feb 13 20:31:34 2025: Dispatch Server: Accepted socket connection from client
Thu Feb 13 20:31:34 2025: Starting Socket connection
Thu Feb 13 20:32:04 2025: SESSION_MGR: closing session for UUID 'd3d90c07-5de2-4dea-8774-a2863068d318' with name 'vitis-run_compile_fir3'
Thu Feb 13 20:32:04 2025: KERNEL_SVC: closing session for UUID 'd3d90c07-5de2-4dea-8774-a2863068d318' with name 'vitis-run_compile_fir3'
Thu Feb 13 20:32:04 2025: GUIDANCE_SMGR: closing session for UUID 'd3d90c07-5de2-4dea-8774-a2863068d318' with name 'vitis-run_compile_fir3'
Thu Feb 13 20:32:04 2025: SYSTEM_DIAGRAM: closing session for UUID 'd3d90c07-5de2-4dea-8774-a2863068d318' with name 'vitis-run_compile_fir3'
Thu Feb 13 20:32:04 2025: STOP_SERVER received, server token: 31aa5acc-11d6-499e-8b95-aecfb9bfa09a, passed token: 31aa5acc-11d6-499e-8b95-aecfb9bfa09a
Thu Feb 13 20:32:04 2025: Socket received request to stop server.
Thu Feb 13 20:32:04 2025: Dispatch Server: do_await_stop
Thu Feb 13 20:32:04 2025: Dispatch Server: stopping mainFifo_
Thu Feb 13 20:32:04 2025: XCD main fifo: Stopping
Thu Feb 13 20:32:04 2025: XCD main fifo: do_read error code: Operation canceled
Thu Feb 13 20:32:04 2025: XCD main fifo: bytes_transferred: 0
Thu Feb 13 20:32:04 2025: SERVER: destructor for server bound to port 34894
Thu Feb 13 20:32:04 2025: XCD main fifo: Good unlink of /tmp/xcdmain31aa5acc-11d6-499e-8b95-aecfb9bfa09a
Thu Feb 13 20:32:04 2025: Server exiting with status 0.
Thu Feb 13 20:32:04 2025: Closing log file.
Thu Feb 13 20:32:11 2025: Running xcd server. This server was built by gradle.
Thu Feb 13 20:32:11 2025: Server was asked to start on port: '39247'
Thu Feb 13 20:32:11 2025: Server is using token UUID: '180713b1-27df-4832-a40c-3dfe212973e6'
Thu Feb 13 20:32:11 2025: SESSION_MGR: creating session with session uuid: '6d04a3e9-ade5-4ab9-8d63-1f78fcd2ec76' and name 'default'
Thu Feb 13 20:32:11 2025: Attempting to start server on port '39247'
Thu Feb 13 20:32:11 2025: XCD main fifo: created main fifo '/tmp/xcdmain180713b1-27df-4832-a40c-3dfe212973e6', fd read = 13
Thu Feb 13 20:32:11 2025: Running Dispatch Server
Thu Feb 13 20:32:11 2025: Version 2.2.0
Thu Feb 13 20:32:12 2025: Dispatch Server: Accepted socket connection from client
Thu Feb 13 20:32:12 2025: Starting Socket connection
Thu Feb 13 20:32:12 2025: EXCHANGE_TOKEN received, server token: 180713b1-27df-4832-a40c-3dfe212973e6, passed token: 180713b1-27df-4832-a40c-3dfe212973e6
Thu Feb 13 20:32:12 2025: DISPATCH_HANDLER: Adding handler from function makeHandler in library libxv_system_diagram
Thu Feb 13 20:32:12 2025: SESSION_MGR: creating session with session uuid: 'e018fe40-9afe-4c8d-8ed4-b644686fa8e7' and name 'vitis-run_compile_fir3'
Thu Feb 13 20:32:12 2025: KERNEL_SVC: creating session with uuid: 'e018fe40-9afe-4c8d-8ed4-b644686fa8e7' and name 'vitis-run_compile_fir3'
Thu Feb 13 20:32:12 2025: GUIDANCE_SMGR: creating guidance session with uuid: 'e018fe40-9afe-4c8d-8ed4-b644686fa8e7' and name 'vitis-run_compile_fir3'
Thu Feb 13 20:32:12 2025: SYSTEM_DIAGRAM: creating session with uuid: 'e018fe40-9afe-4c8d-8ed4-b644686fa8e7' and name 'vitis-run_compile_fir3'
Thu Feb 13 20:32:21 2025: Dispatch Server: Accepted socket connection from client
Thu Feb 13 20:32:21 2025: Starting Socket connection
Thu Feb 13 20:32:55 2025: SESSION_MGR: closing session for UUID 'e018fe40-9afe-4c8d-8ed4-b644686fa8e7' with name 'vitis-run_compile_fir3'
Thu Feb 13 20:32:55 2025: KERNEL_SVC: closing session for UUID 'e018fe40-9afe-4c8d-8ed4-b644686fa8e7' with name 'vitis-run_compile_fir3'
Thu Feb 13 20:32:55 2025: GUIDANCE_SMGR: closing session for UUID 'e018fe40-9afe-4c8d-8ed4-b644686fa8e7' with name 'vitis-run_compile_fir3'
Thu Feb 13 20:32:55 2025: SYSTEM_DIAGRAM: closing session for UUID 'e018fe40-9afe-4c8d-8ed4-b644686fa8e7' with name 'vitis-run_compile_fir3'
Thu Feb 13 20:32:55 2025: STOP_SERVER received, server token: 180713b1-27df-4832-a40c-3dfe212973e6, passed token: 180713b1-27df-4832-a40c-3dfe212973e6
Thu Feb 13 20:32:55 2025: Socket received request to stop server.
Thu Feb 13 20:32:55 2025: Dispatch Server: do_await_stop
Thu Feb 13 20:32:55 2025: Dispatch Server: stopping mainFifo_
Thu Feb 13 20:32:55 2025: XCD main fifo: Stopping
Thu Feb 13 20:32:55 2025: XCD main fifo: do_read error code: Operation canceled
Thu Feb 13 20:32:55 2025: XCD main fifo: bytes_transferred: 0
Thu Feb 13 20:32:55 2025: SERVER: destructor for server bound to port 39247
Thu Feb 13 20:32:55 2025: XCD main fifo: Good unlink of /tmp/xcdmain180713b1-27df-4832-a40c-3dfe212973e6
Thu Feb 13 20:32:55 2025: Server exiting with status 0.
Thu Feb 13 20:32:55 2025: Closing log file.
Thu Feb 13 20:33:18 2025: Running xcd server. This server was built by gradle.
Thu Feb 13 20:33:18 2025: Server was asked to start on port: '44395'
Thu Feb 13 20:33:18 2025: Server is using token UUID: '79af9e14-c9ad-4ccb-b017-dca7cf897279'
Thu Feb 13 20:33:18 2025: SESSION_MGR: creating session with session uuid: '6d04a3e9-ade5-4ab9-8d63-1f78fcd2ec76' and name 'default'
Thu Feb 13 20:33:18 2025: Attempting to start server on port '44395'
Thu Feb 13 20:33:18 2025: XCD main fifo: created main fifo '/tmp/xcdmain79af9e14-c9ad-4ccb-b017-dca7cf897279', fd read = 13
Thu Feb 13 20:33:18 2025: Running Dispatch Server
Thu Feb 13 20:33:18 2025: Version 2.2.0
Thu Feb 13 20:33:20 2025: Dispatch Server: Accepted socket connection from client
Thu Feb 13 20:33:20 2025: Starting Socket connection
Thu Feb 13 20:33:20 2025: EXCHANGE_TOKEN received, server token: 79af9e14-c9ad-4ccb-b017-dca7cf897279, passed token: 79af9e14-c9ad-4ccb-b017-dca7cf897279
Thu Feb 13 20:33:20 2025: DISPATCH_HANDLER: Adding handler from function makeHandler in library libxv_system_diagram
Thu Feb 13 20:33:20 2025: SESSION_MGR: creating session with session uuid: '7957d61e-08ad-49a6-8fa0-9c76887924ba' and name 'vitis-run_compile_fir3'
Thu Feb 13 20:33:20 2025: KERNEL_SVC: creating session with uuid: '7957d61e-08ad-49a6-8fa0-9c76887924ba' and name 'vitis-run_compile_fir3'
Thu Feb 13 20:33:20 2025: GUIDANCE_SMGR: creating guidance session with uuid: '7957d61e-08ad-49a6-8fa0-9c76887924ba' and name 'vitis-run_compile_fir3'
Thu Feb 13 20:33:20 2025: SYSTEM_DIAGRAM: creating session with uuid: '7957d61e-08ad-49a6-8fa0-9c76887924ba' and name 'vitis-run_compile_fir3'
Thu Feb 13 20:33:31 2025: Dispatch Server: Accepted socket connection from client
Thu Feb 13 20:33:31 2025: Starting Socket connection
Thu Feb 13 20:34:39 2025: Dispatch Server: Accepted socket connection from client
Thu Feb 13 20:34:39 2025: Starting Socket connection
Thu Feb 13 20:36:00 2025: Dispatch Server: Accepted socket connection from client
Thu Feb 13 20:36:00 2025: Starting Socket connection
Thu Feb 13 20:38:02 2025: Dispatch Server: Accepted socket connection from client
Thu Feb 13 20:38:02 2025: Starting Socket connection
Thu Feb 13 20:41:04 2025: SESSION_MGR: closing session for UUID '7957d61e-08ad-49a6-8fa0-9c76887924ba' with name 'vitis-run_compile_fir3'
Thu Feb 13 20:41:04 2025: KERNEL_SVC: closing session for UUID '7957d61e-08ad-49a6-8fa0-9c76887924ba' with name 'vitis-run_compile_fir3'
Thu Feb 13 20:41:04 2025: GUIDANCE_SMGR: closing session for UUID '7957d61e-08ad-49a6-8fa0-9c76887924ba' with name 'vitis-run_compile_fir3'
Thu Feb 13 20:41:04 2025: SYSTEM_DIAGRAM: closing session for UUID '7957d61e-08ad-49a6-8fa0-9c76887924ba' with name 'vitis-run_compile_fir3'
Thu Feb 13 20:41:04 2025: STOP_SERVER received, server token: 79af9e14-c9ad-4ccb-b017-dca7cf897279, passed token: 79af9e14-c9ad-4ccb-b017-dca7cf897279
Thu Feb 13 20:41:04 2025: Socket received request to stop server.
Thu Feb 13 20:41:04 2025: Dispatch Server: do_await_stop
Thu Feb 13 20:41:04 2025: Dispatch Server: stopping mainFifo_
Thu Feb 13 20:41:04 2025: XCD main fifo: Stopping
Thu Feb 13 20:41:04 2025: XCD main fifo: do_read error code: Operation canceled
Thu Feb 13 20:41:04 2025: XCD main fifo: bytes_transferred: 0
Thu Feb 13 20:41:04 2025: SERVER: destructor for server bound to port 44395
Thu Feb 13 20:41:04 2025: XCD main fifo: Good unlink of /tmp/xcdmain79af9e14-c9ad-4ccb-b017-dca7cf897279
Thu Feb 13 20:41:04 2025: Server exiting with status 0.
Thu Feb 13 20:41:04 2025: Closing log file.
