#-----------------------------------------------------------
# Vivado v2024.2 (64-bit)
# SW Build 5239630 on Fri Nov 08 22:34:34 MST 2024
# IP Build 5239520 on Sun Nov 10 16:12:51 MST 2024
# SharedData Build 5239561 on Fri Nov 08 14:39:27 MST 2024
# Start of session at: Thu Feb 13 19:31:32 2025
# Process ID         : 31372
# Current directory  : /ecel/UFAD/qlopezscarim/Desktop/lab4_vitis/fir1/fir1/hls/.autopilot/db/ip_tmp
# Command line       : vivado  -notrace -log vivado.log -mode batch -source run_vivado_gen_ip.tcl
# Log file           : /ecel/UFAD/qlopezscarim/Desktop/lab4_vitis/fir1/fir1/hls/.autopilot/db/ip_tmp/vivado.log
# Journal file       : /ecel/UFAD/qlopezscarim/Desktop/lab4_vitis/fir1/fir1/hls/.autopilot/db/ip_tmp/vivado.jou
# Running On         : ece-lnx-4511c
# Platform           : RedHatEnterpriseServer
# Operating System   : Red Hat Enterprise Linux Server release 7.9 (Maipo)
# Processor Detail   : Intel(R) Xeon(R) Gold 6146 CPU @ 3.20GHz
# CPU Frequency      : 3192.499 MHz
# CPU Physical cores : 12
# CPU Logical cores  : 12
# Host memory        : 135028 MB
# Swap memory        : 68715 MB
# Total Virtual      : 203743 MB
# Available Virtual  : 91746 MB
#-----------------------------------------------------------
source run_vivado_gen_ip.tcl -notrace
create_project: Time (s): cpu = 00:00:07 ; elapsed = 00:00:07 . Memory (MB): peak = 1638.320 ; gain = 141.828 ; free physical = 12638 ; free virtual = 87602
INFO: [IP_Flow 19-234] Refreshing IP repositories
INFO: [IP_Flow 19-1704] No user IP repositories specified
INFO: [IP_Flow 19-2313] Loaded Vivado IP repository '/apps/xilinx24/Vivado/2024.2/data/ip'.
INFO: [IP_Flow 19-1686] Generating 'Synthesis' target for IP 'fir_fadd_32ns_32ns_32_8_full_dsp_1_ip'...
INFO: [IP_Flow 19-1686] Generating 'Simulation' target for IP 'fir_fadd_32ns_32ns_32_8_full_dsp_1_ip'...
INFO: [IP_Flow 19-1686] Generating 'Synthesis' target for IP 'fir_fmul_32ns_32ns_32_5_max_dsp_1_ip'...
INFO: [IP_Flow 19-1686] Generating 'Simulation' target for IP 'fir_fmul_32ns_32ns_32_5_max_dsp_1_ip'...
INFO: [Common 17-206] Exiting Vivado at Thu Feb 13 19:31:58 2025...
