Copyright 1986-2022 Xilinx, Inc. All Rights Reserved. Copyright 2022-2024 Advanced Micro Devices, Inc. All Rights Reserved.
--------------------------------------------------------------------------------------------------------------------------------------------------
| Tool Version      : Vivado v.2024.2 (lin64) Build 5239630 Fri Nov 08 22:34:34 MST 2024
| Date              : Thu Feb 13 19:39:23 2025
| Host              : ece-lnx-4511c running 64-bit Red Hat Enterprise Linux Server release 7.9 (Maipo)
| Command           : report_timing_summary -file ./report/fir_timing_synth.rpt
| Design            : bd_0_wrapper
| Device            : xczu48dr-ffvg1517
| Speed File        : -2  PRODUCTION 1.32 01-31-2021
| Design State      : Synthesized
| Temperature Grade : E
--------------------------------------------------------------------------------------------------------------------------------------------------

Timing Summary Report

------------------------------------------------------------------------------------------------
| Timer Settings
| --------------
------------------------------------------------------------------------------------------------

  Enable Multi Corner Analysis               :  Yes
  Enable Pessimism Removal                   :  Yes
  Pessimism Removal Resolution               :  Nearest Common Node
  Enable Input Delay Default Clock           :  No
  Enable Preset / Clear Arcs                 :  No
  Disable Flight Delays                      :  No
  Ignore I/O Paths                           :  No
  Timing Early Launch at Borrowing Latches   :  No
  Borrow Time for Max Delay Exceptions       :  Yes
  Merge Timing Exceptions                    :  Yes
  Inter-SLR Compensation                     :  Conservative

  Corner  Analyze    Analyze    
  Name    Max Paths  Min Paths  
  ------  ---------  ---------  
  Slow    Yes        Yes        
  Fast    Yes        Yes        


------------------------------------------------------------------------------------------------
| Report Methodology
| ------------------
------------------------------------------------------------------------------------------------

No report available as report_methodology has not been run prior. Run report_methodology on the current design for the summary of methodology violations.



check_timing report

Table of Contents
-----------------
1. checking no_clock (0)
2. checking constant_clock (0)
3. checking pulse_width_clock (0)
4. checking unconstrained_internal_endpoints (0)
5. checking no_input_delay (51)
6. checking no_output_delay (47)
7. checking multiple_clock (0)
8. checking generated_clocks (0)
9. checking loops (0)
10. checking partial_input_delay (0)
11. checking partial_output_delay (0)
12. checking latch_loops (0)

1. checking no_clock (0)
------------------------
 There are 0 register/latch pins with no clock.


2. checking constant_clock (0)
------------------------------
 There are 0 register/latch pins with constant_clock.


3. checking pulse_width_clock (0)
---------------------------------
 There are 0 register/latch pins which need pulse_width check


4. checking unconstrained_internal_endpoints (0)
------------------------------------------------
 There are 0 pins that are not constrained for maximum delay.

 There are 0 pins that are not constrained for maximum delay due to constant clock.


5. checking no_input_delay (51)
-------------------------------
 There are 51 input ports with no input delay specified. (HIGH)

 There are 0 input ports with no input delay but user has a false path constraint.


6. checking no_output_delay (47)
--------------------------------
 There are 47 ports with no output delay specified. (HIGH)

 There are 0 ports with no output delay but user has a false path constraint

 There are 0 ports with no output delay but with a timing clock defined on it or propagating through it


7. checking multiple_clock (0)
------------------------------
 There are 0 register/latch pins with multiple clocks.


8. checking generated_clocks (0)
--------------------------------
 There are 0 generated clocks that are not connected to a clock source.


9. checking loops (0)
---------------------
 There are 0 combinational loops in the design.


10. checking partial_input_delay (0)
------------------------------------
 There are 0 input ports with partial input delay specified.


11. checking partial_output_delay (0)
-------------------------------------
 There are 0 ports with partial output delay specified.


12. checking latch_loops (0)
----------------------------
 There are 0 combinational latch loops in the design through latch input



------------------------------------------------------------------------------------------------
| Design Timing Summary
| ---------------------
------------------------------------------------------------------------------------------------

    WNS(ns)      TNS(ns)  TNS Failing Endpoints  TNS Total Endpoints      WHS(ns)      THS(ns)  THS Failing Endpoints  THS Total Endpoints     WPWS(ns)     TPWS(ns)  TPWS Failing Endpoints  TPWS Total Endpoints  
    -------      -------  ---------------------  -------------------      -------      -------  ---------------------  -------------------     --------     --------  ----------------------  --------------------  
      2.938        0.000                      0                16754        0.048        0.000                      0                16754        1.968        0.000                       0                  5902  


All user specified timing constraints are met.


------------------------------------------------------------------------------------------------
| Clock Summary
| -------------
------------------------------------------------------------------------------------------------

Clock   Waveform(ns)         Period(ns)      Frequency(MHz)
-----   ------------         ----------      --------------
ap_clk  {0.000 2.500}        5.000           200.000         


------------------------------------------------------------------------------------------------
| Intra Clock Table
| -----------------
------------------------------------------------------------------------------------------------

Clock             WNS(ns)      TNS(ns)  TNS Failing Endpoints  TNS Total Endpoints      WHS(ns)      THS(ns)  THS Failing Endpoints  THS Total Endpoints     WPWS(ns)     TPWS(ns)  TPWS Failing Endpoints  TPWS Total Endpoints  
-----             -------      -------  ---------------------  -------------------      -------      -------  ---------------------  -------------------     --------     --------  ----------------------  --------------------  
ap_clk              2.938        0.000                      0                16754        0.048        0.000                      0                16754        1.968        0.000                       0                  5902  


------------------------------------------------------------------------------------------------
| Inter Clock Table
| -----------------
------------------------------------------------------------------------------------------------

From Clock    To Clock          WNS(ns)      TNS(ns)  TNS Failing Endpoints  TNS Total Endpoints      WHS(ns)      THS(ns)  THS Failing Endpoints  THS Total Endpoints  
----------    --------          -------      -------  ---------------------  -------------------      -------      -------  ---------------------  -------------------  


------------------------------------------------------------------------------------------------
| Other Path Groups Table
| -----------------------
------------------------------------------------------------------------------------------------

Path Group    From Clock    To Clock          WNS(ns)      TNS(ns)  TNS Failing Endpoints  TNS Total Endpoints      WHS(ns)      THS(ns)  THS Failing Endpoints  THS Total Endpoints  
----------    ----------    --------          -------      -------  ---------------------  -------------------      -------      -------  ---------------------  -------------------  


------------------------------------------------------------------------------------------------
| Timing Details
| --------------
------------------------------------------------------------------------------------------------


---------------------------------------------------------------------------------------------------
From Clock:  ap_clk
  To Clock:  ap_clk

Setup :            0  Failing Endpoints,  Worst Slack        2.938ns,  Total Violation        0.000ns
Hold  :            0  Failing Endpoints,  Worst Slack        0.048ns,  Total Violation        0.000ns
PW    :            0  Failing Endpoints,  Worst Slack        1.968ns,  Total Violation        0.000ns
---------------------------------------------------------------------------------------------------


Max Delay Paths
--------------------------------------------------------------------------------------
Slack (MET) :             2.938ns  (required time - arrival time)
  Source:                 <hidden>
                            (rising edge-triggered cell FDRE clocked by ap_clk  {rise@0.000ns fall@2.500ns period=5.000ns})
  Destination:            <hidden>
                            (rising edge-triggered cell FDRE clocked by ap_clk  {rise@0.000ns fall@2.500ns period=5.000ns})
  Path Group:             ap_clk
  Path Type:              Setup (Max at Slow Process Corner)
  Requirement:            5.000ns  (ap_clk rise@5.000ns - ap_clk rise@0.000ns)
  Data Path Delay:        2.042ns  (logic 1.297ns (63.516%)  route 0.745ns (36.484%))
  Logic Levels:           4  (DSP_A_B_DATA=1 DSP_ALU=1 DSP_OUTPUT=1 LUT6=1)
  Clock Path Skew:        -0.010ns (DCD - SCD + CPR)
    Destination Clock Delay (DCD):    0.020ns = ( 5.020 - 5.000 ) 
    Source Clock Delay      (SCD):    0.030ns
    Clock Pessimism Removal (CPR):    0.000ns
  Clock Uncertainty:      0.035ns  ((TSJ^2 + TIJ^2)^1/2 + DJ) / 2 + PE
    Total System Jitter     (TSJ):    0.071ns
    Total Input Jitter      (TIJ):    0.000ns
    Discrete Jitter          (DJ):    0.000ns
    Phase Error              (PE):    0.000ns

    Location             Delay type                Incr(ns)  Path(ns)    Netlist Resource(s)
  -------------------------------------------------------------------    -------------------
                         (clock ap_clk rise edge)     0.000     0.000 r  
                                                      0.000     0.000 r  ap_clk (IN)
                         net (fo=6191, unset)         0.030     0.030    <hidden>
                         FDRE                                         r  <hidden>
  -------------------------------------------------------------------    -------------------
                         FDRE (Prop_FDRE_C_Q)         0.078     0.108 r  <hidden>
                         net (fo=19, unplaced)        0.202     0.310    <hidden>
                         LUT6 (Prop_LUT6_I0_O)        0.150     0.460 f  <hidden>
                         net (fo=1, unplaced)         0.223     0.683    <hidden>
                         DSP_A_B_DATA (Prop_DSP_A_B_DATA_B[0]_B_ALU[0])
                                                      0.165     0.848 r  <hidden>
                         net (fo=1, unplaced)         0.000     0.848    <hidden>
                         DSP_ALU (Prop_DSP_ALU_B_ALU[0]_ALU_OUT[47])
                                                      0.541     1.389 r  <hidden>
                         net (fo=1, unplaced)         0.000     1.389    <hidden>
                         DSP_OUTPUT (Prop_DSP_OUTPUT_ALU_OUT[47]_PATTERN_DETECT)
                                                      0.363     1.752 r  <hidden>
                         net (fo=1, unplaced)         0.320     2.072    <hidden>
                         FDRE                                         r  <hidden>
  -------------------------------------------------------------------    -------------------

                         (clock ap_clk rise edge)     5.000     5.000 r  
                                                      0.000     5.000 r  ap_clk (IN)
                         net (fo=6191, unset)         0.020     5.020    <hidden>
                         FDRE                                         r  <hidden>
                         clock pessimism              0.000     5.020    
                         clock uncertainty           -0.035     4.985    
                         FDRE (Setup_FDRE_C_D)        0.025     5.010    <hidden>
  -------------------------------------------------------------------
                         required time                          5.010    
                         arrival time                          -2.072    
  -------------------------------------------------------------------
                         slack                                  2.938    





Min Delay Paths
--------------------------------------------------------------------------------------
Slack (MET) :             0.048ns  (arrival time - required time)
  Source:                 bd_0_i/hls_inst/inst/ap_condition_exit_pp0_iter0_stage0_pp0_iter64_reg_reg/C
                            (rising edge-triggered cell FDRE clocked by ap_clk  {rise@0.000ns fall@2.500ns period=5.000ns})
  Destination:            bd_0_i/hls_inst/inst/ap_loop_exit_ready_pp0_iter84_reg_reg_srl20/D
                            (rising edge-triggered cell SRLC32E clocked by ap_clk  {rise@0.000ns fall@2.500ns period=5.000ns})
  Path Group:             ap_clk
  Path Type:              Hold (Min at Fast Process Corner)
  Requirement:            0.000ns  (ap_clk rise@0.000ns - ap_clk rise@0.000ns)
  Data Path Delay:        0.121ns  (logic 0.038ns (31.405%)  route 0.083ns (68.595%))
  Logic Levels:           0  
  Clock Path Skew:        0.027ns (DCD - SCD - CPR)
    Destination Clock Delay (DCD):    0.039ns
    Source Clock Delay      (SCD):    0.012ns
    Clock Pessimism Removal (CPR):    -0.000ns

    Location             Delay type                Incr(ns)  Path(ns)    Netlist Resource(s)
  -------------------------------------------------------------------    -------------------
                         (clock ap_clk rise edge)     0.000     0.000 r  
                                                      0.000     0.000 r  ap_clk (IN)
                         net (fo=6191, unset)         0.012     0.012    bd_0_i/hls_inst/inst/ap_clk
                         FDRE                                         r  bd_0_i/hls_inst/inst/ap_condition_exit_pp0_iter0_stage0_pp0_iter64_reg_reg/C
  -------------------------------------------------------------------    -------------------
                         FDRE (Prop_FDRE_C_Q)         0.038     0.050 r  bd_0_i/hls_inst/inst/ap_condition_exit_pp0_iter0_stage0_pp0_iter64_reg_reg/Q
                         net (fo=5, unplaced)         0.083     0.133    bd_0_i/hls_inst/inst/ap_loop_exit_ready_pp0_iter64_reg
                         SRLC32E                                      r  bd_0_i/hls_inst/inst/ap_loop_exit_ready_pp0_iter84_reg_reg_srl20/D
  -------------------------------------------------------------------    -------------------

                         (clock ap_clk rise edge)     0.000     0.000 r  
                                                      0.000     0.000 r  ap_clk (IN)
                         net (fo=6191, unset)         0.039     0.039    bd_0_i/hls_inst/inst/ap_clk
                         SRLC32E                                      r  bd_0_i/hls_inst/inst/ap_loop_exit_ready_pp0_iter84_reg_reg_srl20/CLK
                         clock pessimism              0.000     0.039    
                         SRLC32E (Hold_SRLC32E_CLK_D)
                                                      0.046     0.085    bd_0_i/hls_inst/inst/ap_loop_exit_ready_pp0_iter84_reg_reg_srl20
  -------------------------------------------------------------------
                         required time                         -0.085    
                         arrival time                           0.133    
  -------------------------------------------------------------------
                         slack                                  0.048    





Pulse Width Checks
--------------------------------------------------------------------------------------
Clock Name:         ap_clk
Waveform(ns):       { 0.000 2.500 }
Period(ns):         5.000
Sources:            { ap_clk }

Check Type        Corner  Lib Pin      Reference Pin  Required(ns)  Actual(ns)  Slack(ns)  Location  Pin
Min Period        n/a     SRLC32E/CLK  n/a            1.064         5.000       3.936                bd_0_i/hls_inst/inst/ap_condition_exit_pp0_iter0_stage0_pp0_iter32_reg_reg_srl32/CLK
Low Pulse Width   Slow    SRLC32E/CLK  n/a            0.532         2.500       1.968                bd_0_i/hls_inst/inst/ap_condition_exit_pp0_iter0_stage0_pp0_iter32_reg_reg_srl32/CLK
High Pulse Width  Slow    SRLC32E/CLK  n/a            0.532         2.500       1.968                bd_0_i/hls_inst/inst/ap_condition_exit_pp0_iter0_stage0_pp0_iter32_reg_reg_srl32/CLK



