dfgPass::INFOR: DFG Pass going to run on Module: /ecel/UFAD/qlopezscarim/Desktop/lab4_vitis/fir1/fir1/hls/csim/code_analyzer/.internal/instrument/app_0/project.symbols.bc
dfgPass::INFOR:     Parsing the provided input trace files...
dfgPass::INFOR:     Initializing InstructionCounter...
dfgPass::VERBO:     +0 is not a loop
dfgPass::VERBO:     +0 is not a loop
dfgPass::VERBO:     +0 is not a loop
dfgPass::VERBO:     +1 is not an innermost loop
dfgPass::VERBO:       - BEFORE BREAK
dfgPass::VERBO:       - for.cond2
dfgPass::VERBO:         - memlocal of :n:0
dfgPass::VERBO:         - LCV conditional branch 6:48
dfgPass::VERBO:       - AFTER BREAK
dfgPass::VERBO:       - for.body4
dfgPass::VERBO:         - memlocal of :iter:0
dfgPass::VERBO:         - memlocal of :iter:0
dfgPass::VERBO:         - memlocal of :n:0
dfgPass::VERBO:         - invalid TR:4:0
dfgPass::VERBO:     +3 is not an innermost loop
dfgPass::VERBO:     +4 fails R.hasBlockSchema
dfgPass::VERBO:     +5 fails R.hasBlockSchema
dfgPass::VERBO:     +0 is not a loop
dfgPass::VERBO:     +0 is not a loop
dfgPass::VERBO:     +1 is not an innermost loop
dfgPass::VERBO:       - BEFORE BREAK
dfgPass::VERBO:       - for.cond1
dfgPass::VERBO:         - memlocal of :k:0
dfgPass::VERBO:         - LCV conditional branch 6:48
dfgPass::VERBO:       - AFTER BREAK
dfgPass::VERBO:       - for.body3
dfgPass::VERBO:         - memlocal of :k:0
dfgPass::VERBO:         - memlocal offset is invalid:0:4
dfgPass::VERBO:         - memlocal of :k:0
dfgPass::VERBO:       - AFTER BREAK
dfgPass::VERBO:       - for.inc
dfgPass::VERBO:         - memlocal of :k:0
dfgPass::VERBO:         - memlocal of :k:1
dfgPass::VERBO:       - AFTER BREAK
dfgPass::VERBO:       - BEFORE BREAK
dfgPass::VERBO:       - for.cond10
dfgPass::VERBO:         - memlocal of :k:0
dfgPass::VERBO:         - LCV conditional branch 6:48
dfgPass::VERBO:       - AFTER BREAK
dfgPass::VERBO:       - for.body12
dfgPass::VERBO:         - memlocal of :k:0
dfgPass::VERBO:         - memlocal of :k:0
dfgPass::VERBO:         - memlocal offset is invalid:0:4
dfgPass::VERBO:         - memlocal of :y:0
dfgPass::VERBO:         - memlocal of :y:1
dfgPass::VERBO:       - AFTER BREAK
dfgPass::VERBO:       - for.inc17
dfgPass::VERBO:         - memlocal of :k:0
dfgPass::VERBO:         - memlocal of :k:1
dfgPass::VERBO:       - AFTER BREAK
dfgPass::INFOR:     Parsing trace...
dfgPass::INFOR:     End of the trace parse
