  **** HLS Build v2024.2 5238294
INFO: [HLS 200-2005] Using work_dir /ecel/UFAD/qlopezscarim/Desktop/lab4_vitis/fir2/fir2 
INFO: [HLS 200-1611] Setting target device to 'xczu48dr-ffvg1517-2-e'
INFO: [HLS 200-1505] Using default flow_target 'vivado'
Resolution: For help on HLS 200-1505 see docs.xilinx.com/access/sources/dita/topic?Doc_Version=2024.2%20English&url=ug1448-hls-guidance&resourceid=200-1505.html
INFO: [HLS 200-1465] Applying ini 'syn.file=/ecel/UFAD/qlopezscarim/Desktop/lab4_vitis/fir2/fir.cpp' from /ecel/UFAD/qlopezscarim/Desktop/lab4_vitis/fir2/hls_config.cfg(8)
INFO: [HLS 200-10] Adding design file '/ecel/UFAD/qlopezscarim/Desktop/lab4_vitis/fir2/fir.cpp' to the project
INFO: [HLS 200-1465] Applying ini 'syn.file=/ecel/UFAD/qlopezscarim/Desktop/lab4_vitis/fir2/fir.h' from /ecel/UFAD/qlopezscarim/Desktop/lab4_vitis/fir2/hls_config.cfg(9)
INFO: [HLS 200-10] Adding design file '/ecel/UFAD/qlopezscarim/Desktop/lab4_vitis/fir2/fir.h' to the project
INFO: [HLS 200-1465] Applying ini 'tb.file=/ecel/UFAD/qlopezscarim/Desktop/lab4_vitis/fir2/fir_test.cpp' from /ecel/UFAD/qlopezscarim/Desktop/lab4_vitis/fir2/hls_config.cfg(11)
INFO: [HLS 200-10] Adding test bench file '/ecel/UFAD/qlopezscarim/Desktop/lab4_vitis/fir2/fir_test.cpp' to the project
INFO: [HLS 200-1465] Applying ini 'syn.top=fir' from /ecel/UFAD/qlopezscarim/Desktop/lab4_vitis/fir2/hls_config.cfg(10)
INFO: [HLS 200-1465] Applying ini 'flow_target=vitis' from /ecel/UFAD/qlopezscarim/Desktop/lab4_vitis/fir2/hls_config.cfg(4)
INFO: [HLS 200-1505] Using flow_target 'vitis'
Resolution: For help on HLS 200-1505 see docs.xilinx.com/access/sources/dita/topic?Doc_Version=2024.2%20English&url=ug1448-hls-guidance&resourceid=200-1505.html
INFO: [HLS 200-435] Setting 'open_solution -flow_target vitis' configuration: config_interface -m_axi_latency=64
INFO: [HLS 200-435] Setting 'open_solution -flow_target vitis' configuration: config_interface -m_axi_alignment_byte_size=64
INFO: [HLS 200-435] Setting 'open_solution -flow_target vitis' configuration: config_interface -m_axi_max_widen_bitwidth=512
INFO: [HLS 200-435] Setting 'open_solution -flow_target vitis' configuration: config_rtl -register_reset_num=3
INFO: [HLS 200-1465] Applying ini 'part=xczu48dr-ffvg1517-2-e' from /ecel/UFAD/qlopezscarim/Desktop/lab4_vitis/fir2/hls_config.cfg(1)
INFO: [HLS 200-1465] Applying ini 'clock=5' from /ecel/UFAD/qlopezscarim/Desktop/lab4_vitis/fir2/hls_config.cfg(7)
INFO: [SYN 201-201] Setting up clock 'default' with a period of 5ns.
INFO: [HLS 200-1465] Applying ini 'csim.code_analyzer=1' from /ecel/UFAD/qlopezscarim/Desktop/lab4_vitis/fir2/hls_config.cfg(12)
INFO: [HLS 200-1465] Applying ini 'package.output.format=xo' from /ecel/UFAD/qlopezscarim/Desktop/lab4_vitis/fir2/hls_config.cfg(5)
INFO: [IMPL 213-8] Exporting RTL as a Vivado IP.
WARNING: /apps/xilinx24/Vivado/2024.2/tps/lnx64/jre11.0.16_1 does not exist.

****** Vivado v2024.2 (64-bit)
  **** SW Build 5239630 on Fri Nov 08 22:34:34 MST 2024
  **** IP Build 5239520 on Sun Nov 10 16:12:51 MST 2024
  **** SharedData Build 5239561 on Fri Nov 08 14:39:27 MST 2024
  **** Start of session at: Thu Feb 13 20:20:00 2025
    ** Copyright 1986-2022 Xilinx, Inc. All Rights Reserved.
    ** Copyright 2022-2024 Advanced Micro Devices, Inc. All Rights Reserved.

source run_ippack.tcl -notrace
INFO: calling package_hls_ip ip_types=vitis sysgen json_file=/ecel/UFAD/qlopezscarim/Desktop/lab4_vitis/fir2/fir2/hls/hls_data.json outdir=/ecel/UFAD/qlopezscarim/Desktop/lab4_vitis/fir2/fir2/hls/impl/ip srcdir=/ecel/UFAD/qlopezscarim/Desktop/lab4_vitis/fir2/fir2/hls sort_interfaces_ports=false
INFO: Copied 1 ipmisc file(s) to /ecel/UFAD/qlopezscarim/Desktop/lab4_vitis/fir2/fir2/hls/impl/ip/misc
INFO: Copied 15 verilog file(s) to /ecel/UFAD/qlopezscarim/Desktop/lab4_vitis/fir2/fir2/hls/impl/ip/hdl/verilog
INFO: Copied 13 vhdl file(s) to /ecel/UFAD/qlopezscarim/Desktop/lab4_vitis/fir2/fir2/hls/impl/ip/hdl/vhdl
INFO: Copied 10 swdriver file(s) to /ecel/UFAD/qlopezscarim/Desktop/lab4_vitis/fir2/fir2/hls/impl/ip/drivers
ipx::create_core: Time (s): cpu = 00:00:07 ; elapsed = 00:00:08 . Memory (MB): peak = 1678.242 ; gain = 133.828 ; free physical = 2529 ; free virtual = 77863
INFO: Import ports from HDL: /ecel/UFAD/qlopezscarim/Desktop/lab4_vitis/fir2/fir2/hls/impl/ip/hdl/vhdl/fir.vhd (fir)
INFO: Add axi4lite interface s_axi_control
INFO: Add clock interface ap_clk
INFO: Add reset interface ap_rst_n
INFO: Add interrupt interface interrupt
INFO: [IP_Flow 19-234] Refreshing IP repositories
INFO: [IP_Flow 19-1704] No user IP repositories specified
INFO: [IP_Flow 19-2313] Loaded Vivado IP repository '/apps/xilinx24/Vivado/2024.2/data/ip'.
INFO: Add axi4stream interface in_r
INFO: Add axi4stream interface out_r
INFO: Calling post_process_vitis to specialize IP
INFO: Calling post_process_sysgen to specialize IP
Generating sysgen info xml from json file
INFO: Created IP /ecel/UFAD/qlopezscarim/Desktop/lab4_vitis/fir2/fir2/hls/impl/ip/component.xml
Generating XO file: fir.xo in directory /ecel/UFAD/qlopezscarim/Desktop/lab4_vitis/fir2/fir2/hls/..
Running: package_xo -xo_path /ecel/UFAD/qlopezscarim/Desktop/lab4_vitis/fir2/fir2/hls/../fir.xo -kernel_xml /ecel/UFAD/qlopezscarim/Desktop/lab4_vitis/fir2/fir2/hls/kernel.xml -kernel_name fir -ip_directory /ecel/UFAD/qlopezscarim/Desktop/lab4_vitis/fir2/fir2/hls/impl/ip -kernel_files {/ecel/UFAD/qlopezscarim/Desktop/lab4_vitis/fir2/fir2/hls/../../fir.cpp /ecel/UFAD/qlopezscarim/Desktop/lab4_vitis/fir2/fir2/hls/../../fir.h} -hls_directory /ecel/UFAD/qlopezscarim/Desktop/lab4_vitis/fir2/fir2/hls/impl/misc/hls_files -kernel_json /ecel/UFAD/qlopezscarim/Desktop/lab4_vitis/fir2/fir2/hls/hls_data.json
INFO: Created IP archive /ecel/UFAD/qlopezscarim/Desktop/lab4_vitis/fir2/fir2/hls/impl/ip/xilinx_com_hls_fir_1_0.zip
INFO: [Common 17-206] Exiting Vivado at Thu Feb 13 20:20:24 2025...
INFO: [HLS 200-802] Generated output file fir2/fir.xo
INFO: [HLS 200-112] Total CPU user time: 19.96 seconds. Total CPU system time: 2.8 seconds. Total elapsed time: 49.88 seconds; peak allocated memory: 832.359 MB.
INFO: [vitis-run 60-791] Total elapsed time: 0h 0m 54s
